{"contracts\\compliance\\ModularCompliance.sol":{"l":{"26":92,"27":92,"32":17,"36":69,"37":69,"38":69,"47":75,"48":75,"50":48,"51":48,"58":0,"60":0,"61":0,"70":19,"71":19,"72":19,"73":19,"78":19,"79":19,"81":19,"83":19,"90":0,"92":0,"93":0,"94":0,"95":0,"96":0,"97":0,"101":0,"102":0,"104":0,"114":0,"115":0,"117":0,"118":0,"120":0,"121":0,"134":12,"135":0,"143":78,"144":0,"152":2,"153":0,"167":82,"168":0,"169":0,"172":82,"181":0,"188":0,"195":0},"path":"D:\\Frontend\\RWA Launchpad\\rwa-launchpad-evm\\contracts\\compliance\\ModularCompliance.sol","s":{"1":92,"2":17,"3":69,"4":69,"5":69,"6":75,"7":75,"8":48,"9":0,"10":0,"11":19,"12":19,"13":19,"14":19,"15":19,"16":19,"17":19,"18":0,"19":0,"20":0,"21":0,"22":0,"23":0,"24":0,"25":0,"26":0,"27":0,"28":0,"29":0,"30":0,"31":12,"32":0,"33":78,"34":0,"35":2,"36":0,"37":82,"38":0,"39":0,"40":82,"41":0,"42":0,"43":0},"b":{"1":[92,0],"2":[69,0],"3":[75,0],"4":[48,27],"5":[0,0],"6":[0,0],"7":[19,0],"8":[19,0],"9":[19,0],"10":[19,0],"11":[19,0],"12":[0,0],"13":[0,0],"14":[0,0],"15":[0,0],"16":[0,0],"17":[0,0],"18":[0,0],"19":[12,0],"20":[78,0],"21":[2,0],"22":[0,0],"23":[0,0]},"f":{"1":92,"2":17,"3":69,"4":75,"5":0,"6":19,"7":0,"8":0,"9":12,"10":78,"11":2,"12":82,"13":0,"14":0,"15":0,"16":0},"fnMap":{"1":{"name":"onlyToken","line":25,"loc":{"start":{"line":25,"column":4},"end":{"line":28,"column":4}}},"2":{"name":"constructor","line":31,"loc":{"start":{"line":31,"column":4},"end":{"line":33,"column":4}}},"3":{"name":"initialize","line":35,"loc":{"start":{"line":35,"column":4},"end":{"line":39,"column":4}}},"4":{"name":"bindToken","line":46,"loc":{"start":{"line":46,"column":4},"end":{"line":52,"column":4}}},"5":{"name":"unbindToken","line":57,"loc":{"start":{"line":57,"column":4},"end":{"line":62,"column":4}}},"6":{"name":"addModule","line":69,"loc":{"start":{"line":69,"column":4},"end":{"line":84,"column":4}}},"7":{"name":"removeModule","line":89,"loc":{"start":{"line":89,"column":4},"end":{"line":105,"column":4}}},"8":{"name":"callModuleFunction","line":113,"loc":{"start":{"line":110,"column":4},"end":{"line":122,"column":4}}},"9":{"name":"transferred","line":133,"loc":{"start":{"line":129,"column":4},"end":{"line":137,"column":4}}},"10":{"name":"created","line":142,"loc":{"start":{"line":142,"column":4},"end":{"line":146,"column":4}}},"11":{"name":"destroyed","line":151,"loc":{"start":{"line":151,"column":4},"end":{"line":155,"column":4}}},"12":{"name":"canTransfer","line":162,"loc":{"start":{"line":162,"column":4},"end":{"line":173,"column":4}}},"13":{"name":"getModules","line":180,"loc":{"start":{"line":180,"column":4},"end":{"line":182,"column":4}}},"14":{"name":"getTokenBound","line":187,"loc":{"start":{"line":187,"column":4},"end":{"line":189,"column":4}}},"15":{"name":"isModuleBound","line":194,"loc":{"start":{"line":194,"column":4},"end":{"line":196,"column":4}}},"16":{"name":"_authorizeUpgrade","line":198,"loc":{"start":{"line":198,"column":4},"end":{"line":198,"column":69}}}},"statementMap":{"1":{"start":{"line":26,"column":8},"end":{"line":26,"column":87}},"2":{"start":{"line":32,"column":8},"end":{"line":32,"column":29}},"3":{"start":{"line":36,"column":8},"end":{"line":36,"column":23}},"4":{"start":{"line":37,"column":8},"end":{"line":37,"column":31}},"5":{"start":{"line":38,"column":8},"end":{"line":38,"column":33}},"6":{"start":{"line":47,"column":8},"end":{"line":47,"column":72}},"7":{"start":{"line":48,"column":8},"end":{"line":48,"column":83}},"8":{"start":{"line":51,"column":8},"end":{"line":51,"column":31}},"9":{"start":{"line":58,"column":8},"end":{"line":58,"column":75}},"10":{"start":{"line":61,"column":8},"end":{"line":61,"column":33}},"11":{"start":{"line":70,"column":8},"end":{"line":70,"column":74}},"12":{"start":{"line":71,"column":8},"end":{"line":71,"column":83}},"13":{"start":{"line":72,"column":8},"end":{"line":72,"column":97}},"14":{"start":{"line":73,"column":8},"end":{"line":73,"column":2368}},"15":{"start":{"line":78,"column":8},"end":{"line":78,"column":29}},"16":{"start":{"line":81,"column":8},"end":{"line":81,"column":53}},"17":{"start":{"line":83,"column":8},"end":{"line":83,"column":33}},"18":{"start":{"line":90,"column":8},"end":{"line":90,"column":78}},"19":{"start":{"line":92,"column":8},"end":{"line":92,"column":40}},"20":{"start":{"line":93,"column":8},"end":{"line":93,"column":2963}},"21":{"start":{"line":94,"column":12},"end":{"line":94,"column":3019}},"22":{"start":{"line":96,"column":16},"end":{"line":96,"column":29}},"23":{"start":{"line":102,"column":8},"end":{"line":102,"column":55}},"24":{"start":{"line":104,"column":8},"end":{"line":104,"column":35}},"25":{"start":{"line":114,"column":8},"end":{"line":114,"column":78}},"26":{"start":{"line":115,"column":8},"end":{"line":115,"column":77}},"27":{"start":{"line":117,"column":8},"end":{"line":117,"column":50}},"28":{"start":{"line":118,"column":8},"end":{"line":118,"column":64}},"29":{"start":{"line":120,"column":8},"end":{"line":120,"column":47}},"30":{"start":{"line":121,"column":8},"end":{"line":121,"column":49}},"31":{"start":{"line":134,"column":8},"end":{"line":134,"column":4166}},"32":{"start":{"line":135,"column":12},"end":{"line":135,"column":73}},"33":{"start":{"line":143,"column":8},"end":{"line":143,"column":4448}},"34":{"start":{"line":144,"column":12},"end":{"line":144,"column":62}},"35":{"start":{"line":152,"column":8},"end":{"line":152,"column":4723}},"36":{"start":{"line":153,"column":12},"end":{"line":153,"column":64}},"37":{"start":{"line":167,"column":8},"end":{"line":167,"column":5130}},"38":{"start":{"line":168,"column":12},"end":{"line":168,"column":5195}},"39":{"start":{"line":169,"column":16},"end":{"line":169,"column":28}},"40":{"start":{"line":172,"column":8},"end":{"line":172,"column":19}},"41":{"start":{"line":181,"column":8},"end":{"line":181,"column":23}},"42":{"start":{"line":188,"column":8},"end":{"line":188,"column":26}},"43":{"start":{"line":195,"column":8},"end":{"line":195,"column":38}}},"branchMap":{"1":{"line":26,"type":"if","locations":[{"start":{"line":26,"column":8},"end":{"line":26,"column":8}},{"start":{"line":26,"column":8},"end":{"line":26,"column":8}}]},"2":{"line":35,"type":"if","locations":[{"start":{"line":35,"column":49},"end":{"line":35,"column":49}},{"start":{"line":35,"column":49},"end":{"line":35,"column":49}}]},"3":{"line":47,"type":"if","locations":[{"start":{"line":47,"column":8},"end":{"line":47,"column":8}},{"start":{"line":47,"column":8},"end":{"line":47,"column":8}}]},"4":{"line":48,"type":"if","locations":[{"start":{"line":48,"column":8},"end":{"line":48,"column":8}},{"start":{"line":48,"column":8},"end":{"line":48,"column":8}}]},"5":{"line":57,"type":"if","locations":[{"start":{"line":57,"column":59},"end":{"line":57,"column":59}},{"start":{"line":57,"column":59},"end":{"line":57,"column":59}}]},"6":{"line":58,"type":"if","locations":[{"start":{"line":58,"column":8},"end":{"line":58,"column":8}},{"start":{"line":58,"column":8},"end":{"line":58,"column":8}}]},"7":{"line":69,"type":"if","locations":[{"start":{"line":69,"column":58},"end":{"line":69,"column":58}},{"start":{"line":69,"column":58},"end":{"line":69,"column":58}}]},"8":{"line":70,"type":"if","locations":[{"start":{"line":70,"column":8},"end":{"line":70,"column":8}},{"start":{"line":70,"column":8},"end":{"line":70,"column":8}}]},"9":{"line":71,"type":"if","locations":[{"start":{"line":71,"column":8},"end":{"line":71,"column":8}},{"start":{"line":71,"column":8},"end":{"line":71,"column":8}}]},"10":{"line":72,"type":"if","locations":[{"start":{"line":72,"column":8},"end":{"line":72,"column":8}},{"start":{"line":72,"column":8},"end":{"line":72,"column":8}}]},"11":{"line":73,"type":"if","locations":[{"start":{"line":73,"column":8},"end":{"line":73,"column":8}},{"start":{"line":73,"column":8},"end":{"line":73,"column":8}}]},"12":{"line":89,"type":"if","locations":[{"start":{"line":89,"column":61},"end":{"line":89,"column":61}},{"start":{"line":89,"column":61},"end":{"line":89,"column":61}}]},"13":{"line":90,"type":"if","locations":[{"start":{"line":90,"column":8},"end":{"line":90,"column":8}},{"start":{"line":90,"column":8},"end":{"line":90,"column":8}}]},"14":{"line":94,"type":"if","locations":[{"start":{"line":94,"column":12},"end":{"line":94,"column":12}},{"start":{"line":94,"column":12},"end":{"line":94,"column":12}}]},"15":{"line":113,"type":"if","locations":[{"start":{"line":113,"column":24},"end":{"line":113,"column":24}},{"start":{"line":113,"column":24},"end":{"line":113,"column":24}}]},"16":{"line":114,"type":"if","locations":[{"start":{"line":114,"column":8},"end":{"line":114,"column":8}},{"start":{"line":114,"column":8},"end":{"line":114,"column":8}}]},"17":{"line":115,"type":"if","locations":[{"start":{"line":115,"column":8},"end":{"line":115,"column":8}},{"start":{"line":115,"column":8},"end":{"line":115,"column":8}}]},"18":{"line":118,"type":"if","locations":[{"start":{"line":118,"column":8},"end":{"line":118,"column":8}},{"start":{"line":118,"column":8},"end":{"line":118,"column":8}}]},"19":{"line":133,"type":"if","locations":[{"start":{"line":133,"column":24},"end":{"line":133,"column":24}},{"start":{"line":133,"column":24},"end":{"line":133,"column":24}}]},"20":{"line":142,"type":"if","locations":[{"start":{"line":142,"column":69},"end":{"line":142,"column":69}},{"start":{"line":142,"column":69},"end":{"line":142,"column":69}}]},"21":{"line":151,"type":"if","locations":[{"start":{"line":151,"column":73},"end":{"line":151,"column":73}},{"start":{"line":151,"column":73},"end":{"line":151,"column":73}}]},"22":{"line":168,"type":"if","locations":[{"start":{"line":168,"column":12},"end":{"line":168,"column":12}},{"start":{"line":168,"column":12},"end":{"line":168,"column":12}}]},"23":{"line":198,"type":"if","locations":[{"start":{"line":198,"column":58},"end":{"line":198,"column":58}},{"start":{"line":198,"column":58},"end":{"line":198,"column":58}}]}}},"contracts\\compliance\\modules\\AbstractModule.sol":{"l":{"25":0,"26":0,"30":0,"31":0,"40":19,"41":19,"42":19,"44":19,"45":19,"52":0,"53":0,"55":0,"56":0,"63":38,"70":0},"path":"D:\\Frontend\\RWA Launchpad\\rwa-launchpad-evm\\contracts\\compliance\\modules\\AbstractModule.sol","s":{"1":0,"2":0,"3":19,"4":19,"5":19,"6":19,"7":0,"8":0,"9":0,"10":38,"11":0},"b":{"1":[0,0],"2":[0,0],"3":[19,0],"4":[19,0],"5":[19,0],"6":[0,0],"7":[0,0]},"f":{"1":0,"2":0,"3":19,"4":0,"5":38,"6":0},"fnMap":{"1":{"name":"onlyBoundCompliance","line":24,"loc":{"start":{"line":24,"column":4},"end":{"line":27,"column":4}}},"2":{"name":"onlyComplianceCall","line":29,"loc":{"start":{"line":29,"column":4},"end":{"line":32,"column":4}}},"3":{"name":"bindCompliance","line":39,"loc":{"start":{"line":39,"column":4},"end":{"line":46,"column":4}}},"4":{"name":"unbindCompliance","line":51,"loc":{"start":{"line":51,"column":4},"end":{"line":57,"column":4}}},"5":{"name":"canComplianceBind","line":62,"loc":{"start":{"line":62,"column":4},"end":{"line":64,"column":4}}},"6":{"name":"isComplianceBound","line":69,"loc":{"start":{"line":69,"column":4},"end":{"line":71,"column":4}}}},"statementMap":{"1":{"start":{"line":25,"column":8},"end":{"line":25,"column":92}},"2":{"start":{"line":30,"column":8},"end":{"line":30,"column":89}},"3":{"start":{"line":40,"column":8},"end":{"line":40,"column":73}},"4":{"start":{"line":41,"column":8},"end":{"line":41,"column":80}},"5":{"start":{"line":42,"column":8},"end":{"line":42,"column":88}},"6":{"start":{"line":45,"column":8},"end":{"line":45,"column":41}},"7":{"start":{"line":52,"column":8},"end":{"line":52,"column":75}},"8":{"start":{"line":53,"column":8},"end":{"line":53,"column":94}},"9":{"start":{"line":56,"column":8},"end":{"line":56,"column":43}},"10":{"start":{"line":63,"column":8},"end":{"line":63,"column":75}},"11":{"start":{"line":70,"column":8},"end":{"line":70,"column":45}}},"branchMap":{"1":{"line":25,"type":"if","locations":[{"start":{"line":25,"column":8},"end":{"line":25,"column":8}},{"start":{"line":25,"column":8},"end":{"line":25,"column":8}}]},"2":{"line":30,"type":"if","locations":[{"start":{"line":30,"column":8},"end":{"line":30,"column":8}},{"start":{"line":30,"column":8},"end":{"line":30,"column":8}}]},"3":{"line":40,"type":"if","locations":[{"start":{"line":40,"column":8},"end":{"line":40,"column":8}},{"start":{"line":40,"column":8},"end":{"line":40,"column":8}}]},"4":{"line":41,"type":"if","locations":[{"start":{"line":41,"column":8},"end":{"line":41,"column":8}},{"start":{"line":41,"column":8},"end":{"line":41,"column":8}}]},"5":{"line":42,"type":"if","locations":[{"start":{"line":42,"column":8},"end":{"line":42,"column":8}},{"start":{"line":42,"column":8},"end":{"line":42,"column":8}}]},"6":{"line":52,"type":"if","locations":[{"start":{"line":52,"column":8},"end":{"line":52,"column":8}},{"start":{"line":52,"column":8},"end":{"line":52,"column":8}}]},"7":{"line":53,"type":"if","locations":[{"start":{"line":53,"column":8},"end":{"line":53,"column":8}},{"start":{"line":53,"column":8},"end":{"line":53,"column":8}}]}}},"contracts\\compliance\\modules\\AccreditedInvestorModule.sol":{"l":{"45":1,"57":4,"58":4,"60":4,"61":4,"62":4,"64":4,"65":4,"67":4,"77":0,"78":0,"79":0,"88":1,"89":1,"101":1,"103":1,"104":2,"105":2,"114":1,"115":1,"166":0,"167":0,"171":0,"178":0,"179":0,"183":0,"190":0,"202":0,"203":0,"207":0,"208":0,"209":0,"213":0,"216":0,"232":0},"path":"D:\\Frontend\\RWA Launchpad\\rwa-launchpad-evm\\contracts\\compliance\\modules\\AccreditedInvestorModule.sol","s":{"1":1,"2":4,"3":4,"4":4,"5":4,"6":4,"7":4,"8":0,"9":0,"10":1,"11":1,"12":1,"13":2,"14":1,"15":0,"16":0,"17":0,"18":0,"19":0,"20":0,"21":0,"22":0,"23":0,"24":0,"25":0,"26":0,"27":0,"28":0,"29":0},"b":{"1":[4,0],"2":[4,0],"3":[4,0],"4":[0,0],"5":[0,0],"6":[1,0],"7":[1,0],"8":[1,0],"9":[1,0],"10":[0,0],"11":[0,0],"12":[0,0],"13":[0,0],"14":[0,0],"15":[0,0],"16":[0,0],"17":[0,0],"18":[0,0],"19":[0,0],"20":[0,0]},"f":{"1":1,"2":4,"3":0,"4":1,"5":1,"6":1,"7":0,"8":0,"9":0,"10":0,"11":0,"12":0,"13":0,"14":0},"fnMap":{"1":{"name":"constructor","line":44,"loc":{"start":{"line":44,"column":4},"end":{"line":46,"column":4}}},"2":{"name":"initialize","line":56,"loc":{"start":{"line":53,"column":4},"end":{"line":68,"column":4}}},"3":{"name":"setIdentityRegistry","line":76,"loc":{"start":{"line":76,"column":4},"end":{"line":80,"column":4}}},"4":{"name":"setExemptAddress","line":87,"loc":{"start":{"line":87,"column":4},"end":{"line":90,"column":4}}},"5":{"name":"batchSetExemptAddresses","line":100,"loc":{"start":{"line":97,"column":4},"end":{"line":107,"column":4}}},"6":{"name":"setModuleEnabled","line":113,"loc":{"start":{"line":113,"column":4},"end":{"line":116,"column":4}}},"7":{"name":"moduleTransferAction","line":127,"loc":{"start":{"line":123,"column":4},"end":{"line":129,"column":4}}},"8":{"name":"moduleMintAction","line":137,"loc":{"start":{"line":134,"column":4},"end":{"line":139,"column":4}}},"9":{"name":"moduleBurnAction","line":147,"loc":{"start":{"line":144,"column":4},"end":{"line":149,"column":4}}},"10":{"name":"moduleCheck","line":159,"loc":{"start":{"line":159,"column":4},"end":{"line":184,"column":4}}},"11":{"name":"name","line":189,"loc":{"start":{"line":189,"column":4},"end":{"line":191,"column":4}}},"12":{"name":"_isAccredited","line":200,"loc":{"start":{"line":200,"column":4},"end":{"line":217,"column":4}}},"13":{"name":"_authorizeUpgrade","line":222,"loc":{"start":{"line":222,"column":4},"end":{"line":222,"column":87}}},"14":{"name":"isAccredited","line":231,"loc":{"start":{"line":231,"column":4},"end":{"line":233,"column":4}}}},"statementMap":{"1":{"start":{"line":45,"column":8},"end":{"line":45,"column":29}},"2":{"start":{"line":57,"column":8},"end":{"line":57,"column":89}},"3":{"start":{"line":58,"column":8},"end":{"line":58,"column":76}},"4":{"start":{"line":60,"column":8},"end":{"line":60,"column":23}},"5":{"start":{"line":61,"column":0},"end":{"line":61,"column":25}},"6":{"start":{"line":62,"column":8},"end":{"line":62,"column":31}},"7":{"start":{"line":67,"column":8},"end":{"line":67,"column":51}},"8":{"start":{"line":77,"column":8},"end":{"line":77,"column":89}},"9":{"start":{"line":79,"column":8},"end":{"line":79,"column":51}},"10":{"start":{"line":89,"column":8},"end":{"line":89,"column":47}},"11":{"start":{"line":101,"column":8},"end":{"line":101,"column":96}},"12":{"start":{"line":103,"column":8},"end":{"line":103,"column":3580}},"13":{"start":{"line":105,"column":12},"end":{"line":105,"column":59}},"14":{"start":{"line":115,"column":8},"end":{"line":115,"column":39}},"15":{"start":{"line":166,"column":8},"end":{"line":166,"column":5415}},"16":{"start":{"line":167,"column":12},"end":{"line":167,"column":23}},"17":{"start":{"line":171,"column":8},"end":{"line":171,"column":5563}},"18":{"start":{"line":178,"column":8},"end":{"line":178,"column":5835}},"19":{"start":{"line":179,"column":12},"end":{"line":179,"column":23}},"20":{"start":{"line":183,"column":8},"end":{"line":183,"column":33}},"21":{"start":{"line":190,"column":8},"end":{"line":190,"column":41}},"22":{"start":{"line":202,"column":8},"end":{"line":202,"column":6543}},"23":{"start":{"line":203,"column":12},"end":{"line":203,"column":24}},"24":{"start":{"line":207,"column":8},"end":{"line":207,"column":68}},"25":{"start":{"line":208,"column":8},"end":{"line":208,"column":6755}},"26":{"start":{"line":209,"column":12},"end":{"line":209,"column":24}},"27":{"start":{"line":213,"column":8},"end":{"line":213,"column":94}},"28":{"start":{"line":216,"column":8},"end":{"line":216,"column":34}},"29":{"start":{"line":232,"column":8},"end":{"line":232,"column":38}}},"branchMap":{"1":{"line":56,"type":"if","locations":[{"start":{"line":56,"column":15},"end":{"line":56,"column":15}},{"start":{"line":56,"column":15},"end":{"line":56,"column":15}}]},"2":{"line":57,"type":"if","locations":[{"start":{"line":57,"column":8},"end":{"line":57,"column":8}},{"start":{"line":57,"column":8},"end":{"line":57,"column":8}}]},"3":{"line":58,"type":"if","locations":[{"start":{"line":58,"column":8},"end":{"line":58,"column":8}},{"start":{"line":58,"column":8},"end":{"line":58,"column":8}}]},"4":{"line":76,"type":"if","locations":[{"start":{"line":76,"column":69},"end":{"line":76,"column":69}},{"start":{"line":76,"column":69},"end":{"line":76,"column":69}}]},"5":{"line":77,"type":"if","locations":[{"start":{"line":77,"column":8},"end":{"line":77,"column":8}},{"start":{"line":77,"column":8},"end":{"line":77,"column":8}}]},"6":{"line":87,"type":"if","locations":[{"start":{"line":87,"column":71},"end":{"line":87,"column":71}},{"start":{"line":87,"column":71},"end":{"line":87,"column":71}}]},"7":{"line":100,"type":"if","locations":[{"start":{"line":100,"column":15},"end":{"line":100,"column":15}},{"start":{"line":100,"column":15},"end":{"line":100,"column":15}}]},"8":{"line":101,"type":"if","locations":[{"start":{"line":101,"column":8},"end":{"line":101,"column":8}},{"start":{"line":101,"column":8},"end":{"line":101,"column":8}}]},"9":{"line":113,"type":"if","locations":[{"start":{"line":113,"column":54},"end":{"line":113,"column":54}},{"start":{"line":113,"column":54},"end":{"line":113,"column":54}}]},"10":{"line":127,"type":"if","locations":[{"start":{"line":127,"column":24},"end":{"line":127,"column":24}},{"start":{"line":127,"column":24},"end":{"line":127,"column":24}}]},"11":{"line":137,"type":"if","locations":[{"start":{"line":137,"column":24},"end":{"line":137,"column":24}},{"start":{"line":137,"column":24},"end":{"line":137,"column":24}}]},"12":{"line":147,"type":"if","locations":[{"start":{"line":147,"column":24},"end":{"line":147,"column":24}},{"start":{"line":147,"column":24},"end":{"line":147,"column":24}}]},"13":{"line":166,"type":"if","locations":[{"start":{"line":166,"column":8},"end":{"line":166,"column":8}},{"start":{"line":166,"column":8},"end":{"line":166,"column":8}}]},"14":{"line":171,"type":"if","locations":[{"start":{"line":171,"column":8},"end":{"line":171,"column":8}},{"start":{"line":171,"column":8},"end":{"line":171,"column":8}}]},"15":{"line":171,"type":"cond-expr","locations":[{"start":{"line":171,"column":12},"end":{"line":171,"column":30}},{"start":{"line":171,"column":35},"end":{"line":171,"column":56}}]},"16":{"line":178,"type":"if","locations":[{"start":{"line":178,"column":8},"end":{"line":178,"column":8}},{"start":{"line":178,"column":8},"end":{"line":178,"column":8}}]},"17":{"line":178,"type":"cond-expr","locations":[{"start":{"line":178,"column":12},"end":{"line":178,"column":28}},{"start":{"line":178,"column":33},"end":{"line":178,"column":52}}]},"18":{"line":202,"type":"if","locations":[{"start":{"line":202,"column":8},"end":{"line":202,"column":8}},{"start":{"line":202,"column":8},"end":{"line":202,"column":8}}]},"19":{"line":208,"type":"if","locations":[{"start":{"line":208,"column":8},"end":{"line":208,"column":8}},{"start":{"line":208,"column":8},"end":{"line":208,"column":8}}]},"20":{"line":222,"type":"if","locations":[{"start":{"line":222,"column":76},"end":{"line":222,"column":76}},{"start":{"line":222,"column":76},"end":{"line":222,"column":76}}]}}},"contracts\\compliance\\modules\\ComplianceModule.sol":{"l":{"46":0,"47":0,"48":0,"60":0,"61":0,"65":0,"66":0,"67":0,"71":0,"72":0,"73":0,"74":0,"79":0,"80":0,"81":0,"85":0,"86":0,"89":0,"100":0,"103":0,"104":0,"105":0,"118":0,"119":0,"130":0,"140":0,"141":0,"151":0,"152":0,"162":0,"172":0,"173":0},"path":"D:\\Frontend\\RWA Launchpad\\rwa-launchpad-evm\\contracts\\compliance\\modules\\ComplianceModule.sol","s":{"1":0,"2":0,"3":0,"4":0,"5":0,"6":0,"7":0,"8":0,"9":0,"10":0,"11":0,"12":0,"13":0,"14":0,"15":0,"16":0,"17":0,"18":0,"19":0,"20":0,"21":0,"22":0,"23":0},"b":{"1":[0,0],"2":[0,0],"3":[0,0],"4":[0,0],"5":[0,0],"6":[0,0],"7":[0,0],"8":[0,0],"9":[0,0],"10":[0,0],"11":[0,0],"12":[0,0],"13":[0,0]},"f":{"1":0,"2":0,"3":0,"4":0,"5":0,"6":0,"7":0,"8":0,"9":0},"fnMap":{"1":{"name":"constructor","line":45,"loc":{"start":{"line":45,"column":4},"end":{"line":49,"column":4}}},"2":{"name":"canTransfer","line":54,"loc":{"start":{"line":54,"column":4},"end":{"line":90,"column":4}}},"3":{"name":"transferred","line":95,"loc":{"start":{"line":95,"column":4},"end":{"line":109,"column":4}}},"4":{"name":"setCountryRestriction","line":116,"loc":{"start":{"line":114,"column":4},"end":{"line":120,"column":4}}},"5":{"name":"setCountryToCountryRestriction","line":129,"loc":{"start":{"line":125,"column":4},"end":{"line":131,"column":4}}},"6":{"name":"setMaxHolding","line":138,"loc":{"start":{"line":136,"column":4},"end":{"line":142,"column":4}}},"7":{"name":"setMaxInvestors","line":149,"loc":{"start":{"line":147,"column":4},"end":{"line":153,"column":4}}},"8":{"name":"setMinInvestment","line":160,"loc":{"start":{"line":158,"column":4},"end":{"line":163,"column":4}}},"9":{"name":"batchRestrictCountries","line":170,"loc":{"start":{"line":168,"column":4},"end":{"line":175,"column":4}}}},"statementMap":{"1":{"start":{"line":47,"column":8},"end":{"line":47,"column":49}},"2":{"start":{"line":48,"column":8},"end":{"line":48,"column":46}},"3":{"start":{"line":60,"column":8},"end":{"line":60,"column":2094}},"4":{"start":{"line":61,"column":12},"end":{"line":61,"column":24}},"5":{"start":{"line":65,"column":8},"end":{"line":65,"column":59}},"6":{"start":{"line":66,"column":8},"end":{"line":66,"column":2293}},"7":{"start":{"line":67,"column":12},"end":{"line":67,"column":24}},"8":{"start":{"line":71,"column":8},"end":{"line":71,"column":2438}},"9":{"start":{"line":72,"column":12},"end":{"line":72,"column":67}},"10":{"start":{"line":73,"column":12},"end":{"line":73,"column":2552}},"11":{"start":{"line":74,"column":16},"end":{"line":74,"column":28}},"12":{"start":{"line":79,"column":8},"end":{"line":79,"column":66}},"13":{"start":{"line":80,"column":8},"end":{"line":80,"column":2793}},"14":{"start":{"line":81,"column":12},"end":{"line":81,"column":24}},"15":{"start":{"line":85,"column":8},"end":{"line":85,"column":2953}},"16":{"start":{"line":86,"column":12},"end":{"line":86,"column":24}},"17":{"start":{"line":89,"column":8},"end":{"line":89,"column":19}},"18":{"start":{"line":100,"column":8},"end":{"line":100,"column":34}},"19":{"start":{"line":103,"column":8},"end":{"line":103,"column":3359}},"20":{"start":{"line":119,"column":8},"end":{"line":119,"column":53}},"21":{"start":{"line":141,"column":8},"end":{"line":141,"column":46}},"22":{"start":{"line":152,"column":8},"end":{"line":152,"column":43}},"23":{"start":{"line":172,"column":8},"end":{"line":172,"column":5259}}},"branchMap":{"1":{"line":60,"type":"if","locations":[{"start":{"line":60,"column":8},"end":{"line":60,"column":8}},{"start":{"line":60,"column":8},"end":{"line":60,"column":8}}]},"2":{"line":66,"type":"if","locations":[{"start":{"line":66,"column":8},"end":{"line":66,"column":8}},{"start":{"line":66,"column":8},"end":{"line":66,"column":8}}]},"3":{"line":71,"type":"if","locations":[{"start":{"line":71,"column":8},"end":{"line":71,"column":8}},{"start":{"line":71,"column":8},"end":{"line":71,"column":8}}]},"4":{"line":73,"type":"if","locations":[{"start":{"line":73,"column":12},"end":{"line":73,"column":12}},{"start":{"line":73,"column":12},"end":{"line":73,"column":12}}]},"5":{"line":80,"type":"if","locations":[{"start":{"line":80,"column":8},"end":{"line":80,"column":8}},{"start":{"line":80,"column":8},"end":{"line":80,"column":8}}]},"6":{"line":85,"type":"if","locations":[{"start":{"line":85,"column":8},"end":{"line":85,"column":8}},{"start":{"line":85,"column":8},"end":{"line":85,"column":8}}]},"7":{"line":103,"type":"if","locations":[{"start":{"line":103,"column":8},"end":{"line":103,"column":8}},{"start":{"line":103,"column":8},"end":{"line":103,"column":8}}]},"8":{"line":116,"type":"if","locations":[{"start":{"line":116,"column":8},"end":{"line":116,"column":8}},{"start":{"line":116,"column":8},"end":{"line":116,"column":8}}]},"9":{"line":129,"type":"if","locations":[{"start":{"line":129,"column":15},"end":{"line":129,"column":15}},{"start":{"line":129,"column":15},"end":{"line":129,"column":15}}]},"10":{"line":138,"type":"if","locations":[{"start":{"line":138,"column":8},"end":{"line":138,"column":8}},{"start":{"line":138,"column":8},"end":{"line":138,"column":8}}]},"11":{"line":149,"type":"if","locations":[{"start":{"line":149,"column":8},"end":{"line":149,"column":8}},{"start":{"line":149,"column":8},"end":{"line":149,"column":8}}]},"12":{"line":160,"type":"if","locations":[{"start":{"line":160,"column":8},"end":{"line":160,"column":8}},{"start":{"line":160,"column":8},"end":{"line":160,"column":8}}]},"13":{"line":170,"type":"if","locations":[{"start":{"line":170,"column":8},"end":{"line":170,"column":8}},{"start":{"line":170,"column":8},"end":{"line":170,"column":8}}]}}},"contracts\\compliance\\modules\\CountryRestrictModule.sol":{"l":{"46":1,"60":7,"61":7,"63":7,"64":7,"65":7,"67":7,"68":7,"69":7,"71":7,"72":7,"82":0,"83":0,"84":0,"93":2,"94":2,"106":1,"108":1,"109":2,"110":2,"119":1,"120":1,"128":1,"129":1,"180":0,"181":0,"185":0,"186":0,"190":0,"191":0,"195":0,"196":0,"199":0,"206":0,"218":2,"221":2,"224":0,"227":2,"229":2,"231":2,"234":0,"251":3,"260":2},"path":"D:\\Frontend\\RWA Launchpad\\rwa-launchpad-evm\\contracts\\compliance\\modules\\CountryRestrictModule.sol","s":{"1":1,"2":7,"3":7,"4":7,"5":7,"6":7,"7":7,"8":7,"9":0,"10":0,"11":2,"12":1,"13":1,"14":2,"15":1,"16":1,"17":0,"18":0,"19":0,"20":0,"21":0,"22":0,"23":0,"24":0,"25":0,"26":0,"27":2,"28":2,"29":0,"30":2,"31":2,"32":2,"33":0,"34":3,"35":2},"b":{"1":[7,0],"2":[7,0],"3":[7,0],"4":[0,0],"5":[0,0],"6":[2,0],"7":[1,0],"8":[1,0],"9":[1,0],"10":[1,0],"11":[0,0],"12":[0,0],"13":[0,0],"14":[0,0],"15":[0,0],"16":[0,0],"17":[0,0],"18":[0,0],"19":[0,2],"20":[2,0],"21":[0,0]},"f":{"1":1,"2":7,"3":0,"4":2,"5":1,"6":1,"7":1,"8":0,"9":0,"10":0,"11":0,"12":0,"13":2,"14":0,"15":3,"16":2},"fnMap":{"1":{"name":"constructor","line":45,"loc":{"start":{"line":45,"column":4},"end":{"line":47,"column":4}}},"2":{"name":"initialize","line":59,"loc":{"start":{"line":55,"column":4},"end":{"line":73,"column":4}}},"3":{"name":"setIdentityRegistry","line":81,"loc":{"start":{"line":81,"column":4},"end":{"line":85,"column":4}}},"4":{"name":"setCountryRestriction","line":92,"loc":{"start":{"line":92,"column":4},"end":{"line":95,"column":4}}},"5":{"name":"batchSetCountryRestrictions","line":105,"loc":{"start":{"line":102,"column":4},"end":{"line":112,"column":4}}},"6":{"name":"setBlacklistMode","line":118,"loc":{"start":{"line":118,"column":4},"end":{"line":121,"column":4}}},"7":{"name":"setModuleEnabled","line":127,"loc":{"start":{"line":127,"column":4},"end":{"line":130,"column":4}}},"8":{"name":"moduleTransferAction","line":141,"loc":{"start":{"line":137,"column":4},"end":{"line":143,"column":4}}},"9":{"name":"moduleMintAction","line":151,"loc":{"start":{"line":148,"column":4},"end":{"line":153,"column":4}}},"10":{"name":"moduleBurnAction","line":161,"loc":{"start":{"line":158,"column":4},"end":{"line":163,"column":4}}},"11":{"name":"moduleCheck","line":173,"loc":{"start":{"line":173,"column":4},"end":{"line":200,"column":4}}},"12":{"name":"name","line":205,"loc":{"start":{"line":205,"column":4},"end":{"line":207,"column":4}}},"13":{"name":"_isCountryAllowed","line":216,"loc":{"start":{"line":216,"column":4},"end":{"line":236,"column":4}}},"14":{"name":"_authorizeUpgrade","line":241,"loc":{"start":{"line":241,"column":4},"end":{"line":241,"column":87}}},"15":{"name":"isCountryRestricted","line":250,"loc":{"start":{"line":250,"column":4},"end":{"line":252,"column":4}}},"16":{"name":"isUserCountryAllowed","line":259,"loc":{"start":{"line":259,"column":4},"end":{"line":261,"column":4}}}},"statementMap":{"1":{"start":{"line":46,"column":8},"end":{"line":46,"column":29}},"2":{"start":{"line":60,"column":8},"end":{"line":60,"column":86}},"3":{"start":{"line":61,"column":8},"end":{"line":61,"column":73}},"4":{"start":{"line":63,"column":8},"end":{"line":63,"column":23}},"5":{"start":{"line":64,"column":0},"end":{"line":64,"column":25}},"6":{"start":{"line":65,"column":8},"end":{"line":65,"column":31}},"7":{"start":{"line":71,"column":8},"end":{"line":71,"column":51}},"8":{"start":{"line":72,"column":8},"end":{"line":72,"column":47}},"9":{"start":{"line":82,"column":8},"end":{"line":82,"column":86}},"10":{"start":{"line":84,"column":8},"end":{"line":84,"column":51}},"11":{"start":{"line":94,"column":8},"end":{"line":94,"column":61}},"12":{"start":{"line":106,"column":8},"end":{"line":106,"column":100}},"13":{"start":{"line":108,"column":8},"end":{"line":108,"column":3893}},"14":{"start":{"line":110,"column":12},"end":{"line":110,"column":72}},"15":{"start":{"line":120,"column":8},"end":{"line":120,"column":43}},"16":{"start":{"line":129,"column":8},"end":{"line":129,"column":39}},"17":{"start":{"line":180,"column":8},"end":{"line":180,"column":6066}},"18":{"start":{"line":181,"column":12},"end":{"line":181,"column":23}},"19":{"start":{"line":185,"column":8},"end":{"line":185,"column":6198}},"20":{"start":{"line":186,"column":12},"end":{"line":186,"column":23}},"21":{"start":{"line":190,"column":8},"end":{"line":190,"column":6335}},"22":{"start":{"line":191,"column":12},"end":{"line":191,"column":24}},"23":{"start":{"line":195,"column":8},"end":{"line":195,"column":6461}},"24":{"start":{"line":196,"column":12},"end":{"line":196,"column":24}},"25":{"start":{"line":199,"column":8},"end":{"line":199,"column":19}},"26":{"start":{"line":206,"column":8},"end":{"line":206,"column":38}},"27":{"start":{"line":218,"column":8},"end":{"line":218,"column":68}},"28":{"start":{"line":221,"column":8},"end":{"line":221,"column":7257}},"29":{"start":{"line":224,"column":12},"end":{"line":224,"column":34}},"30":{"start":{"line":227,"column":8},"end":{"line":227,"column":56}},"31":{"start":{"line":229,"column":8},"end":{"line":229,"column":7576}},"32":{"start":{"line":231,"column":12},"end":{"line":231,"column":28}},"33":{"start":{"line":234,"column":12},"end":{"line":234,"column":27}},"34":{"start":{"line":251,"column":8},"end":{"line":251,"column":48}},"35":{"start":{"line":260,"column":8},"end":{"line":260,"column":39}}},"branchMap":{"1":{"line":59,"type":"if","locations":[{"start":{"line":59,"column":15},"end":{"line":59,"column":15}},{"start":{"line":59,"column":15},"end":{"line":59,"column":15}}]},"2":{"line":60,"type":"if","locations":[{"start":{"line":60,"column":8},"end":{"line":60,"column":8}},{"start":{"line":60,"column":8},"end":{"line":60,"column":8}}]},"3":{"line":61,"type":"if","locations":[{"start":{"line":61,"column":8},"end":{"line":61,"column":8}},{"start":{"line":61,"column":8},"end":{"line":61,"column":8}}]},"4":{"line":81,"type":"if","locations":[{"start":{"line":81,"column":69},"end":{"line":81,"column":69}},{"start":{"line":81,"column":69},"end":{"line":81,"column":69}}]},"5":{"line":82,"type":"if","locations":[{"start":{"line":82,"column":8},"end":{"line":82,"column":8}},{"start":{"line":82,"column":8},"end":{"line":82,"column":8}}]},"6":{"line":92,"type":"if","locations":[{"start":{"line":92,"column":83},"end":{"line":92,"column":83}},{"start":{"line":92,"column":83},"end":{"line":92,"column":83}}]},"7":{"line":105,"type":"if","locations":[{"start":{"line":105,"column":15},"end":{"line":105,"column":15}},{"start":{"line":105,"column":15},"end":{"line":105,"column":15}}]},"8":{"line":106,"type":"if","locations":[{"start":{"line":106,"column":8},"end":{"line":106,"column":8}},{"start":{"line":106,"column":8},"end":{"line":106,"column":8}}]},"9":{"line":118,"type":"if","locations":[{"start":{"line":118,"column":58},"end":{"line":118,"column":58}},{"start":{"line":118,"column":58},"end":{"line":118,"column":58}}]},"10":{"line":127,"type":"if","locations":[{"start":{"line":127,"column":54},"end":{"line":127,"column":54}},{"start":{"line":127,"column":54},"end":{"line":127,"column":54}}]},"11":{"line":141,"type":"if","locations":[{"start":{"line":141,"column":24},"end":{"line":141,"column":24}},{"start":{"line":141,"column":24},"end":{"line":141,"column":24}}]},"12":{"line":151,"type":"if","locations":[{"start":{"line":151,"column":24},"end":{"line":151,"column":24}},{"start":{"line":151,"column":24},"end":{"line":151,"column":24}}]},"13":{"line":161,"type":"if","locations":[{"start":{"line":161,"column":24},"end":{"line":161,"column":24}},{"start":{"line":161,"column":24},"end":{"line":161,"column":24}}]},"14":{"line":180,"type":"if","locations":[{"start":{"line":180,"column":8},"end":{"line":180,"column":8}},{"start":{"line":180,"column":8},"end":{"line":180,"column":8}}]},"15":{"line":185,"type":"if","locations":[{"start":{"line":185,"column":8},"end":{"line":185,"column":8}},{"start":{"line":185,"column":8},"end":{"line":185,"column":8}}]},"16":{"line":185,"type":"cond-expr","locations":[{"start":{"line":185,"column":12},"end":{"line":185,"column":30}},{"start":{"line":185,"column":35},"end":{"line":185,"column":51}}]},"17":{"line":190,"type":"if","locations":[{"start":{"line":190,"column":8},"end":{"line":190,"column":8}},{"start":{"line":190,"column":8},"end":{"line":190,"column":8}}]},"18":{"line":195,"type":"if","locations":[{"start":{"line":195,"column":8},"end":{"line":195,"column":8}},{"start":{"line":195,"column":8},"end":{"line":195,"column":8}}]},"19":{"line":221,"type":"if","locations":[{"start":{"line":221,"column":8},"end":{"line":221,"column":8}},{"start":{"line":221,"column":8},"end":{"line":221,"column":8}}]},"20":{"line":229,"type":"if","locations":[{"start":{"line":229,"column":8},"end":{"line":229,"column":8}},{"start":{"line":229,"column":8},"end":{"line":229,"column":8}}]},"21":{"line":241,"type":"if","locations":[{"start":{"line":241,"column":76},"end":{"line":241,"column":76}},{"start":{"line":241,"column":76},"end":{"line":241,"column":76}}]}}},"contracts\\compliance\\modules\\LockupModule.sol":{"l":{"61":1,"73":4,"74":4,"80":4,"81":4,"82":4,"84":4,"85":4,"87":4,"97":1,"101":1,"102":1,"111":1,"112":1,"124":0,"126":0,"127":0,"128":0,"137":0,"138":0,"152":0,"153":0,"154":0,"156":0,"161":0,"163":0,"187":0,"188":0,"192":0,"194":0,"199":0,"201":0,"212":0,"213":0,"214":0,"216":0,"236":0,"237":0,"241":0,"242":0,"246":0,"247":0,"251":0,"252":0,"255":0,"262":0,"283":0,"284":0,"289":0,"305":0,"306":0,"308":0,"309":0,"310":0,"314":0,"323":0,"332":0,"341":0},"path":"D:\\Frontend\\RWA Launchpad\\rwa-launchpad-evm\\contracts\\compliance\\modules\\LockupModule.sol","s":{"1":1,"2":4,"3":4,"4":4,"5":4,"6":4,"7":4,"8":1,"9":1,"10":1,"11":0,"12":0,"13":0,"14":0,"15":0,"16":0,"17":0,"18":0,"19":0,"20":0,"21":0,"22":0,"23":0,"24":0,"25":0,"26":0,"27":0,"28":0,"29":0,"30":0,"31":0,"32":0,"33":0,"34":0,"35":0,"36":0,"37":0,"38":0,"39":0,"40":0,"41":0,"42":0,"43":0,"44":0,"45":0,"46":0,"47":0},"b":{"1":[4,0],"2":[4,0],"3":[4,0],"4":[1,0],"5":[1,0],"6":[1,0],"7":[0,0],"8":[0,0],"9":[0,0],"10":[0,0],"11":[0,0],"12":[0,0],"13":[0,0],"14":[0,0],"15":[0,0],"16":[0,0],"17":[0,0],"18":[0,0],"19":[0,0],"20":[0,0],"21":[0,0],"22":[0,0],"23":[0,0],"24":[0,0],"25":[0,0],"26":[0,0],"27":[0,0]},"f":{"1":1,"2":4,"3":1,"4":1,"5":0,"6":0,"7":0,"8":0,"9":0,"10":0,"11":0,"12":0,"13":0,"14":0,"15":0,"16":0,"17":0,"18":0},"fnMap":{"1":{"name":"constructor","line":60,"loc":{"start":{"line":60,"column":4},"end":{"line":62,"column":4}}},"2":{"name":"initialize","line":72,"loc":{"start":{"line":69,"column":4},"end":{"line":88,"column":4}}},"3":{"name":"setDefaultLockupPeriod","line":96,"loc":{"start":{"line":96,"column":4},"end":{"line":103,"column":4}}},"4":{"name":"setExemptAddress","line":110,"loc":{"start":{"line":110,"column":4},"end":{"line":113,"column":4}}},"5":{"name":"batchSetExemptAddresses","line":123,"loc":{"start":{"line":120,"column":4},"end":{"line":130,"column":4}}},"6":{"name":"setModuleEnabled","line":136,"loc":{"start":{"line":136,"column":4},"end":{"line":139,"column":4}}},"7":{"name":"createLockup","line":151,"loc":{"start":{"line":147,"column":4},"end":{"line":164,"column":4}}},"8":{"name":"moduleTransferAction","line":175,"loc":{"start":{"line":171,"column":4},"end":{"line":177,"column":4}}},"9":{"name":"moduleMintAction","line":185,"loc":{"start":{"line":182,"column":4},"end":{"line":202,"column":4}}},"10":{"name":"moduleBurnAction","line":210,"loc":{"start":{"line":207,"column":4},"end":{"line":219,"column":4}}},"11":{"name":"moduleCheck","line":229,"loc":{"start":{"line":229,"column":4},"end":{"line":256,"column":4}}},"12":{"name":"name","line":261,"loc":{"start":{"line":261,"column":4},"end":{"line":263,"column":4}}},"13":{"name":"_getAvailableAmount","line":273,"loc":{"start":{"line":273,"column":4},"end":{"line":290,"column":4}}},"14":{"name":"_authorizeUpgrade","line":295,"loc":{"start":{"line":295,"column":4},"end":{"line":295,"column":87}}},"15":{"name":"getLockedAmount","line":304,"loc":{"start":{"line":304,"column":4},"end":{"line":315,"column":4}}},"16":{"name":"getUserLockups","line":322,"loc":{"start":{"line":322,"column":4},"end":{"line":324,"column":4}}},"17":{"name":"getLockupCount","line":331,"loc":{"start":{"line":331,"column":4},"end":{"line":333,"column":4}}},"18":{"name":"getUnlockedAmount","line":340,"loc":{"start":{"line":340,"column":4},"end":{"line":342,"column":4}}}},"statementMap":{"1":{"start":{"line":61,"column":8},"end":{"line":61,"column":29}},"2":{"start":{"line":73,"column":8},"end":{"line":73,"column":64}},"3":{"start":{"line":74,"column":8},"end":{"line":74,"column":2373}},"4":{"start":{"line":80,"column":8},"end":{"line":80,"column":23}},"5":{"start":{"line":81,"column":0},"end":{"line":81,"column":25}},"6":{"start":{"line":82,"column":8},"end":{"line":82,"column":31}},"7":{"start":{"line":87,"column":8},"end":{"line":87,"column":57}},"8":{"start":{"line":97,"column":8},"end":{"line":97,"column":3100}},"9":{"start":{"line":102,"column":8},"end":{"line":102,"column":44}},"10":{"start":{"line":112,"column":8},"end":{"line":112,"column":47}},"11":{"start":{"line":124,"column":8},"end":{"line":124,"column":84}},"12":{"start":{"line":126,"column":8},"end":{"line":126,"column":4108}},"13":{"start":{"line":128,"column":12},"end":{"line":128,"column":59}},"14":{"start":{"line":138,"column":8},"end":{"line":138,"column":39}},"15":{"start":{"line":152,"column":8},"end":{"line":152,"column":65}},"16":{"start":{"line":153,"column":8},"end":{"line":153,"column":56}},"17":{"start":{"line":154,"column":8},"end":{"line":154,"column":84}},"18":{"start":{"line":156,"column":8},"end":{"line":156,"column":5175}},"19":{"start":{"line":163,"column":8},"end":{"line":163,"column":56}},"20":{"start":{"line":187,"column":8},"end":{"line":187,"column":6074}},"21":{"start":{"line":188,"column":12},"end":{"line":188,"column":18}},"22":{"start":{"line":192,"column":8},"end":{"line":192,"column":67}},"23":{"start":{"line":194,"column":8},"end":{"line":194,"column":6324}},"24":{"start":{"line":201,"column":8},"end":{"line":201,"column":52}},"25":{"start":{"line":212,"column":8},"end":{"line":212,"column":6839}},"26":{"start":{"line":213,"column":12},"end":{"line":213,"column":6892}},"27":{"start":{"line":236,"column":8},"end":{"line":236,"column":7640}},"28":{"start":{"line":237,"column":12},"end":{"line":237,"column":23}},"29":{"start":{"line":241,"column":8},"end":{"line":241,"column":7773}},"30":{"start":{"line":242,"column":12},"end":{"line":242,"column":23}},"31":{"start":{"line":246,"column":8},"end":{"line":246,"column":7900}},"32":{"start":{"line":247,"column":12},"end":{"line":247,"column":23}},"33":{"start":{"line":251,"column":8},"end":{"line":251,"column":53}},"34":{"start":{"line":252,"column":8},"end":{"line":252,"column":74}},"35":{"start":{"line":255,"column":8},"end":{"line":255,"column":40}},"36":{"start":{"line":262,"column":8},"end":{"line":262,"column":29}},"37":{"start":{"line":283,"column":8},"end":{"line":283,"column":9260}},"38":{"start":{"line":284,"column":12},"end":{"line":284,"column":36}},"39":{"start":{"line":289,"column":8},"end":{"line":289,"column":48}},"40":{"start":{"line":305,"column":8},"end":{"line":305,"column":26}},"41":{"start":{"line":306,"column":8},"end":{"line":306,"column":57}},"42":{"start":{"line":308,"column":8},"end":{"line":308,"column":10080}},"43":{"start":{"line":309,"column":12},"end":{"line":309,"column":10144}},"44":{"start":{"line":314,"column":8},"end":{"line":314,"column":21}},"45":{"start":{"line":323,"column":8},"end":{"line":323,"column":33}},"46":{"start":{"line":332,"column":8},"end":{"line":332,"column":40}},"47":{"start":{"line":341,"column":8},"end":{"line":341,"column":64}}},"branchMap":{"1":{"line":72,"type":"if","locations":[{"start":{"line":72,"column":15},"end":{"line":72,"column":15}},{"start":{"line":72,"column":15},"end":{"line":72,"column":15}}]},"2":{"line":73,"type":"if","locations":[{"start":{"line":73,"column":8},"end":{"line":73,"column":8}},{"start":{"line":73,"column":8},"end":{"line":73,"column":8}}]},"3":{"line":74,"type":"if","locations":[{"start":{"line":74,"column":8},"end":{"line":74,"column":8}},{"start":{"line":74,"column":8},"end":{"line":74,"column":8}}]},"4":{"line":96,"type":"if","locations":[{"start":{"line":96,"column":62},"end":{"line":96,"column":62}},{"start":{"line":96,"column":62},"end":{"line":96,"column":62}}]},"5":{"line":97,"type":"if","locations":[{"start":{"line":97,"column":8},"end":{"line":97,"column":8}},{"start":{"line":97,"column":8},"end":{"line":97,"column":8}}]},"6":{"line":110,"type":"if","locations":[{"start":{"line":110,"column":71},"end":{"line":110,"column":71}},{"start":{"line":110,"column":71},"end":{"line":110,"column":71}}]},"7":{"line":123,"type":"if","locations":[{"start":{"line":123,"column":15},"end":{"line":123,"column":15}},{"start":{"line":123,"column":15},"end":{"line":123,"column":15}}]},"8":{"line":124,"type":"if","locations":[{"start":{"line":124,"column":8},"end":{"line":124,"column":8}},{"start":{"line":124,"column":8},"end":{"line":124,"column":8}}]},"9":{"line":136,"type":"if","locations":[{"start":{"line":136,"column":54},"end":{"line":136,"column":54}},{"start":{"line":136,"column":54},"end":{"line":136,"column":54}}]},"10":{"line":151,"type":"if","locations":[{"start":{"line":151,"column":15},"end":{"line":151,"column":15}},{"start":{"line":151,"column":15},"end":{"line":151,"column":15}}]},"11":{"line":152,"type":"if","locations":[{"start":{"line":152,"column":8},"end":{"line":152,"column":8}},{"start":{"line":152,"column":8},"end":{"line":152,"column":8}}]},"12":{"line":153,"type":"if","locations":[{"start":{"line":153,"column":8},"end":{"line":153,"column":8}},{"start":{"line":153,"column":8},"end":{"line":153,"column":8}}]},"13":{"line":154,"type":"if","locations":[{"start":{"line":154,"column":8},"end":{"line":154,"column":8}},{"start":{"line":154,"column":8},"end":{"line":154,"column":8}}]},"14":{"line":175,"type":"if","locations":[{"start":{"line":175,"column":24},"end":{"line":175,"column":24}},{"start":{"line":175,"column":24},"end":{"line":175,"column":24}}]},"15":{"line":185,"type":"if","locations":[{"start":{"line":185,"column":24},"end":{"line":185,"column":24}},{"start":{"line":185,"column":24},"end":{"line":185,"column":24}}]},"16":{"line":187,"type":"if","locations":[{"start":{"line":187,"column":8},"end":{"line":187,"column":8}},{"start":{"line":187,"column":8},"end":{"line":187,"column":8}}]},"17":{"line":187,"type":"cond-expr","locations":[{"start":{"line":187,"column":12},"end":{"line":187,"column":25}},{"start":{"line":187,"column":30},"end":{"line":187,"column":49}}]},"18":{"line":187,"type":"cond-expr","locations":[{"start":{"line":187,"column":12},"end":{"line":187,"column":49}},{"start":{"line":187,"column":54},"end":{"line":187,"column":70}}]},"19":{"line":210,"type":"if","locations":[{"start":{"line":210,"column":24},"end":{"line":210,"column":24}},{"start":{"line":210,"column":24},"end":{"line":210,"column":24}}]},"20":{"line":212,"type":"if","locations":[{"start":{"line":212,"column":8},"end":{"line":212,"column":8}},{"start":{"line":212,"column":8},"end":{"line":212,"column":8}}]},"21":{"line":213,"type":"if","locations":[{"start":{"line":213,"column":12},"end":{"line":213,"column":12}},{"start":{"line":213,"column":12},"end":{"line":213,"column":12}}]},"22":{"line":236,"type":"if","locations":[{"start":{"line":236,"column":8},"end":{"line":236,"column":8}},{"start":{"line":236,"column":8},"end":{"line":236,"column":8}}]},"23":{"line":241,"type":"if","locations":[{"start":{"line":241,"column":8},"end":{"line":241,"column":8}},{"start":{"line":241,"column":8},"end":{"line":241,"column":8}}]},"24":{"line":246,"type":"if","locations":[{"start":{"line":246,"column":8},"end":{"line":246,"column":8}},{"start":{"line":246,"column":8},"end":{"line":246,"column":8}}]},"25":{"line":283,"type":"if","locations":[{"start":{"line":283,"column":8},"end":{"line":283,"column":8}},{"start":{"line":283,"column":8},"end":{"line":283,"column":8}}]},"26":{"line":295,"type":"if","locations":[{"start":{"line":295,"column":76},"end":{"line":295,"column":76}},{"start":{"line":295,"column":76},"end":{"line":295,"column":76}}]},"27":{"line":309,"type":"if","locations":[{"start":{"line":309,"column":12},"end":{"line":309,"column":12}},{"start":{"line":309,"column":12},"end":{"line":309,"column":12}}]}}},"contracts\\compliance\\modules\\MaxBalanceModule.sol":{"l":{"48":1,"60":4,"62":4,"63":4,"64":4,"66":4,"67":4,"69":4,"79":0,"80":0,"81":0,"89":0,"90":0,"99":1,"100":1,"112":1,"114":1,"115":2,"116":2,"126":1,"127":1,"139":0,"141":0,"142":0,"143":0,"152":0,"153":0,"204":0,"205":0,"209":0,"210":0,"214":0,"215":0,"219":0,"222":0,"223":0,"227":0,"230":0,"237":0,"248":3,"249":3,"250":3,"252":0,"261":0,"262":0,"266":0,"270":0,"271":0,"274":0,"290":3,"300":0,"301":0,"304":0,"305":0,"306":0,"309":0,"310":0},"path":"D:\\Frontend\\RWA Launchpad\\rwa-launchpad-evm\\contracts\\compliance\\modules\\MaxBalanceModule.sol","s":{"1":1,"2":4,"3":4,"4":4,"5":4,"6":4,"7":0,"8":0,"9":0,"10":1,"11":1,"12":1,"13":2,"14":1,"15":0,"16":0,"17":0,"18":0,"19":0,"20":0,"21":0,"22":0,"23":0,"24":0,"25":0,"26":0,"27":0,"28":0,"29":0,"30":0,"31":3,"32":3,"33":3,"34":0,"35":0,"36":0,"37":0,"38":0,"39":0,"40":0,"41":3,"42":0,"43":0,"44":0,"45":0,"46":0,"47":0,"48":0},"b":{"1":[4,0],"2":[4,0],"3":[0,0],"4":[0,0],"5":[0,0],"6":[1,0],"7":[1,0],"8":[1,0],"9":[1,0],"10":[0,0],"11":[0,0],"12":[0,0],"13":[0,0],"14":[0,0],"15":[0,0],"16":[0,0],"17":[0,0],"18":[0,0],"19":[0,0],"20":[3,0],"21":[0,0],"22":[0,0],"23":[0,0],"24":[0,0],"25":[0,0],"26":[0,0]},"f":{"1":1,"2":4,"3":0,"4":0,"5":1,"6":1,"7":1,"8":0,"9":0,"10":0,"11":0,"12":0,"13":0,"14":0,"15":3,"16":0,"17":0,"18":3,"19":0},"fnMap":{"1":{"name":"constructor","line":47,"loc":{"start":{"line":47,"column":4},"end":{"line":49,"column":4}}},"2":{"name":"initialize","line":59,"loc":{"start":{"line":56,"column":4},"end":{"line":70,"column":4}}},"3":{"name":"setTokenAddress","line":78,"loc":{"start":{"line":78,"column":4},"end":{"line":82,"column":4}}},"4":{"name":"setDefaultMaxBalance","line":88,"loc":{"start":{"line":88,"column":4},"end":{"line":91,"column":4}}},"5":{"name":"setCustomMaxBalance","line":98,"loc":{"start":{"line":98,"column":4},"end":{"line":101,"column":4}}},"6":{"name":"batchSetCustomMaxBalance","line":111,"loc":{"start":{"line":108,"column":4},"end":{"line":118,"column":4}}},"7":{"name":"setExemptAddress","line":125,"loc":{"start":{"line":125,"column":4},"end":{"line":128,"column":4}}},"8":{"name":"batchSetExemptAddresses","line":138,"loc":{"start":{"line":135,"column":4},"end":{"line":145,"column":4}}},"9":{"name":"setModuleEnabled","line":151,"loc":{"start":{"line":151,"column":4},"end":{"line":154,"column":4}}},"10":{"name":"moduleTransferAction","line":165,"loc":{"start":{"line":161,"column":4},"end":{"line":167,"column":4}}},"11":{"name":"moduleMintAction","line":175,"loc":{"start":{"line":172,"column":4},"end":{"line":177,"column":4}}},"12":{"name":"moduleBurnAction","line":185,"loc":{"start":{"line":182,"column":4},"end":{"line":187,"column":4}}},"13":{"name":"moduleCheck","line":197,"loc":{"start":{"line":197,"column":4},"end":{"line":231,"column":4}}},"14":{"name":"name","line":236,"loc":{"start":{"line":236,"column":4},"end":{"line":238,"column":4}}},"15":{"name":"_getMaxBalance","line":247,"loc":{"start":{"line":247,"column":4},"end":{"line":253,"column":4}}},"16":{"name":"_getBalance","line":260,"loc":{"start":{"line":260,"column":4},"end":{"line":275,"column":4}}},"17":{"name":"_authorizeUpgrade","line":280,"loc":{"start":{"line":280,"column":4},"end":{"line":280,"column":87}}},"18":{"name":"getEffectiveMaxBalance","line":289,"loc":{"start":{"line":289,"column":4},"end":{"line":291,"column":4}}},"19":{"name":"canReceive","line":299,"loc":{"start":{"line":299,"column":4},"end":{"line":311,"column":4}}}},"statementMap":{"1":{"start":{"line":48,"column":8},"end":{"line":48,"column":29}},"2":{"start":{"line":60,"column":8},"end":{"line":60,"column":68}},"3":{"start":{"line":62,"column":8},"end":{"line":62,"column":23}},"4":{"start":{"line":63,"column":0},"end":{"line":63,"column":25}},"5":{"start":{"line":64,"column":8},"end":{"line":64,"column":31}},"6":{"start":{"line":69,"column":8},"end":{"line":69,"column":53}},"7":{"start":{"line":79,"column":8},"end":{"line":79,"column":70}},"8":{"start":{"line":81,"column":8},"end":{"line":81,"column":36}},"9":{"start":{"line":90,"column":8},"end":{"line":90,"column":46}},"10":{"start":{"line":100,"column":8},"end":{"line":100,"column":55}},"11":{"start":{"line":112,"column":8},"end":{"line":112,"column":93}},"12":{"start":{"line":114,"column":8},"end":{"line":114,"column":3803}},"13":{"start":{"line":116,"column":12},"end":{"line":116,"column":68}},"14":{"start":{"line":127,"column":8},"end":{"line":127,"column":47}},"15":{"start":{"line":139,"column":8},"end":{"line":139,"column":88}},"16":{"start":{"line":141,"column":8},"end":{"line":141,"column":4777}},"17":{"start":{"line":143,"column":12},"end":{"line":143,"column":59}},"18":{"start":{"line":153,"column":8},"end":{"line":153,"column":39}},"19":{"start":{"line":204,"column":8},"end":{"line":204,"column":6604}},"20":{"start":{"line":205,"column":12},"end":{"line":205,"column":23}},"21":{"start":{"line":209,"column":8},"end":{"line":209,"column":6735}},"22":{"start":{"line":210,"column":12},"end":{"line":210,"column":23}},"23":{"start":{"line":214,"column":8},"end":{"line":214,"column":6860}},"24":{"start":{"line":215,"column":12},"end":{"line":215,"column":23}},"25":{"start":{"line":219,"column":8},"end":{"line":219,"column":48}},"26":{"start":{"line":222,"column":8},"end":{"line":222,"column":7091}},"27":{"start":{"line":223,"column":12},"end":{"line":223,"column":23}},"28":{"start":{"line":227,"column":8},"end":{"line":227,"column":49}},"29":{"start":{"line":230,"column":8},"end":{"line":230,"column":54}},"30":{"start":{"line":237,"column":8},"end":{"line":237,"column":33}},"31":{"start":{"line":248,"column":8},"end":{"line":248,"column":51}},"32":{"start":{"line":249,"column":8},"end":{"line":249,"column":7917}},"33":{"start":{"line":250,"column":12},"end":{"line":250,"column":25}},"34":{"start":{"line":252,"column":8},"end":{"line":252,"column":32}},"35":{"start":{"line":261,"column":8},"end":{"line":261,"column":8266}},"36":{"start":{"line":262,"column":12},"end":{"line":262,"column":20}},"37":{"start":{"line":266,"column":8},"end":{"line":266,"column":8403}},"38":{"start":{"line":270,"column":8},"end":{"line":270,"column":8563}},"39":{"start":{"line":271,"column":12},"end":{"line":271,"column":46}},"40":{"start":{"line":274,"column":8},"end":{"line":274,"column":16}},"41":{"start":{"line":290,"column":8},"end":{"line":290,"column":39}},"42":{"start":{"line":300,"column":8},"end":{"line":300,"column":9551}},"43":{"start":{"line":301,"column":12},"end":{"line":301,"column":23}},"44":{"start":{"line":304,"column":8},"end":{"line":304,"column":53}},"45":{"start":{"line":305,"column":8},"end":{"line":305,"column":9714}},"46":{"start":{"line":306,"column":12},"end":{"line":306,"column":23}},"47":{"start":{"line":309,"column":8},"end":{"line":309,"column":54}},"48":{"start":{"line":310,"column":8},"end":{"line":310,"column":55}}},"branchMap":{"1":{"line":59,"type":"if","locations":[{"start":{"line":59,"column":15},"end":{"line":59,"column":15}},{"start":{"line":59,"column":15},"end":{"line":59,"column":15}}]},"2":{"line":60,"type":"if","locations":[{"start":{"line":60,"column":8},"end":{"line":60,"column":8}},{"start":{"line":60,"column":8},"end":{"line":60,"column":8}}]},"3":{"line":78,"type":"if","locations":[{"start":{"line":78,"column":54},"end":{"line":78,"column":54}},{"start":{"line":78,"column":54},"end":{"line":78,"column":54}}]},"4":{"line":79,"type":"if","locations":[{"start":{"line":79,"column":8},"end":{"line":79,"column":8}},{"start":{"line":79,"column":8},"end":{"line":79,"column":8}}]},"5":{"line":88,"type":"if","locations":[{"start":{"line":88,"column":64},"end":{"line":88,"column":64}},{"start":{"line":88,"column":64},"end":{"line":88,"column":64}}]},"6":{"line":98,"type":"if","locations":[{"start":{"line":98,"column":81},"end":{"line":98,"column":81}},{"start":{"line":98,"column":81},"end":{"line":98,"column":81}}]},"7":{"line":111,"type":"if","locations":[{"start":{"line":111,"column":15},"end":{"line":111,"column":15}},{"start":{"line":111,"column":15},"end":{"line":111,"column":15}}]},"8":{"line":112,"type":"if","locations":[{"start":{"line":112,"column":8},"end":{"line":112,"column":8}},{"start":{"line":112,"column":8},"end":{"line":112,"column":8}}]},"9":{"line":125,"type":"if","locations":[{"start":{"line":125,"column":71},"end":{"line":125,"column":71}},{"start":{"line":125,"column":71},"end":{"line":125,"column":71}}]},"10":{"line":138,"type":"if","locations":[{"start":{"line":138,"column":15},"end":{"line":138,"column":15}},{"start":{"line":138,"column":15},"end":{"line":138,"column":15}}]},"11":{"line":139,"type":"if","locations":[{"start":{"line":139,"column":8},"end":{"line":139,"column":8}},{"start":{"line":139,"column":8},"end":{"line":139,"column":8}}]},"12":{"line":151,"type":"if","locations":[{"start":{"line":151,"column":54},"end":{"line":151,"column":54}},{"start":{"line":151,"column":54},"end":{"line":151,"column":54}}]},"13":{"line":165,"type":"if","locations":[{"start":{"line":165,"column":24},"end":{"line":165,"column":24}},{"start":{"line":165,"column":24},"end":{"line":165,"column":24}}]},"14":{"line":175,"type":"if","locations":[{"start":{"line":175,"column":24},"end":{"line":175,"column":24}},{"start":{"line":175,"column":24},"end":{"line":175,"column":24}}]},"15":{"line":185,"type":"if","locations":[{"start":{"line":185,"column":24},"end":{"line":185,"column":24}},{"start":{"line":185,"column":24},"end":{"line":185,"column":24}}]},"16":{"line":204,"type":"if","locations":[{"start":{"line":204,"column":8},"end":{"line":204,"column":8}},{"start":{"line":204,"column":8},"end":{"line":204,"column":8}}]},"17":{"line":209,"type":"if","locations":[{"start":{"line":209,"column":8},"end":{"line":209,"column":8}},{"start":{"line":209,"column":8},"end":{"line":209,"column":8}}]},"18":{"line":214,"type":"if","locations":[{"start":{"line":214,"column":8},"end":{"line":214,"column":8}},{"start":{"line":214,"column":8},"end":{"line":214,"column":8}}]},"19":{"line":222,"type":"if","locations":[{"start":{"line":222,"column":8},"end":{"line":222,"column":8}},{"start":{"line":222,"column":8},"end":{"line":222,"column":8}}]},"20":{"line":249,"type":"if","locations":[{"start":{"line":249,"column":8},"end":{"line":249,"column":8}},{"start":{"line":249,"column":8},"end":{"line":249,"column":8}}]},"21":{"line":261,"type":"if","locations":[{"start":{"line":261,"column":8},"end":{"line":261,"column":8}},{"start":{"line":261,"column":8},"end":{"line":261,"column":8}}]},"22":{"line":270,"type":"if","locations":[{"start":{"line":270,"column":8},"end":{"line":270,"column":8}},{"start":{"line":270,"column":8},"end":{"line":270,"column":8}}]},"23":{"line":280,"type":"if","locations":[{"start":{"line":280,"column":76},"end":{"line":280,"column":76}},{"start":{"line":280,"column":76},"end":{"line":280,"column":76}}]},"24":{"line":300,"type":"if","locations":[{"start":{"line":300,"column":8},"end":{"line":300,"column":8}},{"start":{"line":300,"column":8},"end":{"line":300,"column":8}}]},"25":{"line":300,"type":"cond-expr","locations":[{"start":{"line":300,"column":12},"end":{"line":300,"column":25}},{"start":{"line":300,"column":30},"end":{"line":300,"column":54}}]},"26":{"line":305,"type":"if","locations":[{"start":{"line":305,"column":8},"end":{"line":305,"column":8}},{"start":{"line":305,"column":8},"end":{"line":305,"column":8}}]}}},"contracts\\compliance\\modules\\TransferFeesModule.sol":{"l":{"58":0,"72":0,"73":0,"74":0,"76":0,"77":0,"78":0,"80":0,"81":0,"82":0,"84":0,"85":0,"95":0,"96":0,"97":0,"105":0,"106":0,"107":0,"116":0,"117":0,"118":0,"130":0,"132":0,"133":0,"134":0,"135":0,"145":0,"146":0,"158":0,"160":0,"161":0,"162":0,"171":0,"172":0,"186":0,"187":0,"188":0,"189":0,"190":0,"227":0,"234":0,"253":0,"254":0,"257":0,"258":0,"261":0,"262":0,"263":0,"266":0,"275":0,"276":0,"277":0,"279":0,"288":0,"289":0,"291":0,"301":0,"302":0},"path":"D:\\Frontend\\RWA Launchpad\\rwa-launchpad-evm\\contracts\\compliance\\modules\\TransferFeesModule.sol","s":{"1":0,"2":0,"3":0,"4":0,"5":0,"6":0,"7":0,"8":0,"9":0,"10":0,"11":0,"12":0,"13":0,"14":0,"15":0,"16":0,"17":0,"18":0,"19":0,"20":0,"21":0,"22":0,"23":0,"24":0,"25":0,"26":0,"27":0,"28":0,"29":0,"30":0,"31":0,"32":0,"33":0,"34":0,"35":0,"36":0,"37":0,"38":0,"39":0,"40":0,"41":0,"42":0,"43":0,"44":0,"45":0,"46":0,"47":0},"b":{"1":[0,0],"2":[0,0],"3":[0,0],"4":[0,0],"5":[0,0],"6":[0,0],"7":[0,0],"8":[0,0],"9":[0,0],"10":[0,0],"11":[0,0],"12":[0,0],"13":[0,0],"14":[0,0],"15":[0,0],"16":[0,0],"17":[0,0],"18":[0,0],"19":[0,0],"20":[0,0],"21":[0,0],"22":[0,0],"23":[0,0],"24":[0,0],"25":[0,0],"26":[0,0],"27":[0,0],"28":[0,0]},"f":{"1":0,"2":0,"3":0,"4":0,"5":0,"6":0,"7":0,"8":0,"9":0,"10":0,"11":0,"12":0,"13":0,"14":0,"15":0,"16":0,"17":0,"18":0,"19":0},"fnMap":{"1":{"name":"constructor","line":57,"loc":{"start":{"line":57,"column":4},"end":{"line":59,"column":4}}},"2":{"name":"initialize","line":71,"loc":{"start":{"line":67,"column":4},"end":{"line":86,"column":4}}},"3":{"name":"setDefaultFee","line":94,"loc":{"start":{"line":94,"column":4},"end":{"line":98,"column":4}}},"4":{"name":"setFeeRecipient","line":104,"loc":{"start":{"line":104,"column":4},"end":{"line":108,"column":4}}},"5":{"name":"setCustomFee","line":115,"loc":{"start":{"line":115,"column":4},"end":{"line":119,"column":4}}},"6":{"name":"batchSetCustomFees","line":129,"loc":{"start":{"line":126,"column":4},"end":{"line":137,"column":4}}},"7":{"name":"setExemptAddress","line":144,"loc":{"start":{"line":144,"column":4},"end":{"line":147,"column":4}}},"8":{"name":"batchSetExemptAddresses","line":157,"loc":{"start":{"line":154,"column":4},"end":{"line":164,"column":4}}},"9":{"name":"setModuleEnabled","line":170,"loc":{"start":{"line":170,"column":4},"end":{"line":173,"column":4}}},"10":{"name":"moduleTransferAction","line":184,"loc":{"start":{"line":180,"column":4},"end":{"line":193,"column":4}}},"11":{"name":"moduleMintAction","line":201,"loc":{"start":{"line":198,"column":4},"end":{"line":203,"column":4}}},"12":{"name":"moduleBurnAction","line":211,"loc":{"start":{"line":208,"column":4},"end":{"line":213,"column":4}}},"13":{"name":"moduleCheck","line":220,"loc":{"start":{"line":220,"column":4},"end":{"line":228,"column":4}}},"14":{"name":"name","line":233,"loc":{"start":{"line":233,"column":4},"end":{"line":235,"column":4}}},"15":{"name":"_authorizeUpgrade","line":242,"loc":{"start":{"line":242,"column":4},"end":{"line":242,"column":87}}},"16":{"name":"calculateFee","line":252,"loc":{"start":{"line":252,"column":4},"end":{"line":267,"column":4}}},"17":{"name":"_getFeeBps","line":274,"loc":{"start":{"line":274,"column":4},"end":{"line":280,"column":4}}},"18":{"name":"getEffectiveFeeBps","line":287,"loc":{"start":{"line":287,"column":4},"end":{"line":292,"column":4}}},"19":{"name":"getAmountAfterFee","line":300,"loc":{"start":{"line":300,"column":4},"end":{"line":303,"column":4}}}},"statementMap":{"1":{"start":{"line":58,"column":8},"end":{"line":58,"column":29}},"2":{"start":{"line":72,"column":8},"end":{"line":72,"column":70}},"3":{"start":{"line":73,"column":8},"end":{"line":73,"column":81}},"4":{"start":{"line":74,"column":8},"end":{"line":74,"column":81}},"5":{"start":{"line":76,"column":8},"end":{"line":76,"column":23}},"6":{"start":{"line":77,"column":0},"end":{"line":77,"column":25}},"7":{"start":{"line":78,"column":8},"end":{"line":78,"column":31}},"8":{"start":{"line":84,"column":8},"end":{"line":84,"column":42}},"9":{"start":{"line":85,"column":8},"end":{"line":85,"column":43}},"10":{"start":{"line":95,"column":8},"end":{"line":95,"column":74}},"11":{"start":{"line":97,"column":8},"end":{"line":97,"column":35}},"12":{"start":{"line":105,"column":8},"end":{"line":105,"column":78}},"13":{"start":{"line":107,"column":8},"end":{"line":107,"column":40}},"14":{"start":{"line":116,"column":8},"end":{"line":116,"column":74}},"15":{"start":{"line":118,"column":8},"end":{"line":118,"column":44}},"16":{"start":{"line":130,"column":8},"end":{"line":130,"column":90}},"17":{"start":{"line":132,"column":8},"end":{"line":132,"column":4553}},"18":{"start":{"line":133,"column":12},"end":{"line":133,"column":81}},"19":{"start":{"line":135,"column":12},"end":{"line":135,"column":56}},"20":{"start":{"line":146,"column":8},"end":{"line":146,"column":47}},"21":{"start":{"line":158,"column":8},"end":{"line":158,"column":90}},"22":{"start":{"line":160,"column":8},"end":{"line":160,"column":5593}},"23":{"start":{"line":162,"column":12},"end":{"line":162,"column":59}},"24":{"start":{"line":172,"column":8},"end":{"line":172,"column":39}},"25":{"start":{"line":186,"column":8},"end":{"line":186,"column":6402}},"26":{"start":{"line":187,"column":12},"end":{"line":187,"column":53}},"27":{"start":{"line":188,"column":12},"end":{"line":188,"column":6548}},"28":{"start":{"line":190,"column":16},"end":{"line":190,"column":58}},"29":{"start":{"line":227,"column":8},"end":{"line":227,"column":19}},"30":{"start":{"line":234,"column":8},"end":{"line":234,"column":35}},"31":{"start":{"line":253,"column":8},"end":{"line":253,"column":8344}},"32":{"start":{"line":254,"column":12},"end":{"line":254,"column":20}},"33":{"start":{"line":257,"column":8},"end":{"line":257,"column":8419}},"34":{"start":{"line":258,"column":12},"end":{"line":258,"column":20}},"35":{"start":{"line":261,"column":8},"end":{"line":261,"column":42}},"36":{"start":{"line":262,"column":8},"end":{"line":262,"column":8547}},"37":{"start":{"line":263,"column":12},"end":{"line":263,"column":20}},"38":{"start":{"line":266,"column":8},"end":{"line":266,"column":51}},"39":{"start":{"line":275,"column":8},"end":{"line":275,"column":47}},"40":{"start":{"line":276,"column":8},"end":{"line":276,"column":8962}},"41":{"start":{"line":277,"column":12},"end":{"line":277,"column":25}},"42":{"start":{"line":279,"column":8},"end":{"line":279,"column":28}},"43":{"start":{"line":288,"column":8},"end":{"line":288,"column":9326}},"44":{"start":{"line":289,"column":12},"end":{"line":289,"column":20}},"45":{"start":{"line":291,"column":8},"end":{"line":291,"column":35}},"46":{"start":{"line":301,"column":8},"end":{"line":301,"column":50}},"47":{"start":{"line":302,"column":8},"end":{"line":302,"column":28}}},"branchMap":{"1":{"line":71,"type":"if","locations":[{"start":{"line":71,"column":15},"end":{"line":71,"column":15}},{"start":{"line":71,"column":15},"end":{"line":71,"column":15}}]},"2":{"line":72,"type":"if","locations":[{"start":{"line":72,"column":8},"end":{"line":72,"column":8}},{"start":{"line":72,"column":8},"end":{"line":72,"column":8}}]},"3":{"line":73,"type":"if","locations":[{"start":{"line":73,"column":8},"end":{"line":73,"column":8}},{"start":{"line":73,"column":8},"end":{"line":73,"column":8}}]},"4":{"line":74,"type":"if","locations":[{"start":{"line":74,"column":8},"end":{"line":74,"column":8}},{"start":{"line":74,"column":8},"end":{"line":74,"column":8}}]},"5":{"line":94,"type":"if","locations":[{"start":{"line":94,"column":53},"end":{"line":94,"column":53}},{"start":{"line":94,"column":53},"end":{"line":94,"column":53}}]},"6":{"line":95,"type":"if","locations":[{"start":{"line":95,"column":8},"end":{"line":95,"column":8}},{"start":{"line":95,"column":8},"end":{"line":95,"column":8}}]},"7":{"line":104,"type":"if","locations":[{"start":{"line":104,"column":58},"end":{"line":104,"column":58}},{"start":{"line":104,"column":58},"end":{"line":104,"column":58}}]},"8":{"line":105,"type":"if","locations":[{"start":{"line":105,"column":8},"end":{"line":105,"column":8}},{"start":{"line":105,"column":8},"end":{"line":105,"column":8}}]},"9":{"line":115,"type":"if","locations":[{"start":{"line":115,"column":70},"end":{"line":115,"column":70}},{"start":{"line":115,"column":70},"end":{"line":115,"column":70}}]},"10":{"line":116,"type":"if","locations":[{"start":{"line":116,"column":8},"end":{"line":116,"column":8}},{"start":{"line":116,"column":8},"end":{"line":116,"column":8}}]},"11":{"line":129,"type":"if","locations":[{"start":{"line":129,"column":15},"end":{"line":129,"column":15}},{"start":{"line":129,"column":15},"end":{"line":129,"column":15}}]},"12":{"line":130,"type":"if","locations":[{"start":{"line":130,"column":8},"end":{"line":130,"column":8}},{"start":{"line":130,"column":8},"end":{"line":130,"column":8}}]},"13":{"line":133,"type":"if","locations":[{"start":{"line":133,"column":12},"end":{"line":133,"column":12}},{"start":{"line":133,"column":12},"end":{"line":133,"column":12}}]},"14":{"line":144,"type":"if","locations":[{"start":{"line":144,"column":71},"end":{"line":144,"column":71}},{"start":{"line":144,"column":71},"end":{"line":144,"column":71}}]},"15":{"line":157,"type":"if","locations":[{"start":{"line":157,"column":15},"end":{"line":157,"column":15}},{"start":{"line":157,"column":15},"end":{"line":157,"column":15}}]},"16":{"line":158,"type":"if","locations":[{"start":{"line":158,"column":8},"end":{"line":158,"column":8}},{"start":{"line":158,"column":8},"end":{"line":158,"column":8}}]},"17":{"line":170,"type":"if","locations":[{"start":{"line":170,"column":54},"end":{"line":170,"column":54}},{"start":{"line":170,"column":54},"end":{"line":170,"column":54}}]},"18":{"line":184,"type":"if","locations":[{"start":{"line":184,"column":24},"end":{"line":184,"column":24}},{"start":{"line":184,"column":24},"end":{"line":184,"column":24}}]},"19":{"line":186,"type":"if","locations":[{"start":{"line":186,"column":8},"end":{"line":186,"column":8}},{"start":{"line":186,"column":8},"end":{"line":186,"column":8}}]},"20":{"line":188,"type":"if","locations":[{"start":{"line":188,"column":12},"end":{"line":188,"column":12}},{"start":{"line":188,"column":12},"end":{"line":188,"column":12}}]},"21":{"line":201,"type":"if","locations":[{"start":{"line":201,"column":24},"end":{"line":201,"column":24}},{"start":{"line":201,"column":24},"end":{"line":201,"column":24}}]},"22":{"line":211,"type":"if","locations":[{"start":{"line":211,"column":24},"end":{"line":211,"column":24}},{"start":{"line":211,"column":24},"end":{"line":211,"column":24}}]},"23":{"line":242,"type":"if","locations":[{"start":{"line":242,"column":76},"end":{"line":242,"column":76}},{"start":{"line":242,"column":76},"end":{"line":242,"column":76}}]},"24":{"line":253,"type":"if","locations":[{"start":{"line":253,"column":8},"end":{"line":253,"column":8}},{"start":{"line":253,"column":8},"end":{"line":253,"column":8}}]},"25":{"line":257,"type":"if","locations":[{"start":{"line":257,"column":8},"end":{"line":257,"column":8}},{"start":{"line":257,"column":8},"end":{"line":257,"column":8}}]},"26":{"line":262,"type":"if","locations":[{"start":{"line":262,"column":8},"end":{"line":262,"column":8}},{"start":{"line":262,"column":8},"end":{"line":262,"column":8}}]},"27":{"line":276,"type":"if","locations":[{"start":{"line":276,"column":8},"end":{"line":276,"column":8}},{"start":{"line":276,"column":8},"end":{"line":276,"column":8}}]},"28":{"line":288,"type":"if","locations":[{"start":{"line":288,"column":8},"end":{"line":288,"column":8}},{"start":{"line":288,"column":8},"end":{"line":288,"column":8}}]}}},"contracts\\core\\DividendDistributor.sol":{"l":{"103":1,"115":13,"116":13,"118":13,"119":13,"120":13,"121":13,"123":13,"124":13,"125":13,"127":13,"141":7,"142":7,"143":7,"151":2,"152":2,"153":2,"154":2,"161":3,"168":2,"185":0,"187":0,"188":0,"190":0,"193":0,"194":0,"197":0,"199":0,"202":0,"203":0,"204":0,"208":0,"210":0,"213":0,"214":0,"219":0,"220":0,"221":0,"224":0,"226":0,"239":0,"241":0,"249":0,"257":0,"265":0,"266":0,"274":0,"276":0,"277":0,"278":0,"280":0,"281":0,"283":0,"284":0,"287":0,"288":0,"289":0,"291":0,"294":0,"302":0,"304":0,"305":0,"307":0,"308":0,"310":0,"313":0,"314":0,"315":0,"317":0,"320":0,"321":0,"336":0,"338":0,"339":0,"342":0,"343":0,"346":0,"347":0,"349":0,"350":0,"353":0,"366":0,"377":0,"378":0,"398":0,"406":1},"path":"D:\\Frontend\\RWA Launchpad\\rwa-launchpad-evm\\contracts\\core\\DividendDistributor.sol","s":{"1":1,"2":13,"3":13,"4":13,"5":13,"6":13,"7":13,"8":13,"9":13,"10":13,"11":7,"12":7,"13":2,"14":2,"15":2,"16":3,"17":2,"18":0,"19":0,"20":0,"21":0,"22":0,"23":0,"24":0,"25":0,"26":0,"27":0,"28":0,"29":0,"30":0,"31":0,"32":0,"33":0,"34":0,"35":0,"36":0,"37":0,"38":0,"39":0,"40":0,"41":0,"42":0,"43":0,"44":0,"45":0,"46":0,"47":0,"48":0,"49":0,"50":0,"51":0,"52":0,"53":0,"54":0,"55":0,"56":0,"57":0,"58":0,"59":0,"60":0,"61":0,"62":0,"63":0,"64":0,"65":0,"66":0,"67":0,"68":0,"69":0,"70":0,"71":0,"72":0,"73":0,"74":0,"75":0,"76":0,"77":0,"78":1},"b":{"1":[13,0],"2":[13,0],"3":[13,0],"4":[7,0],"5":[7,0],"6":[2,0],"7":[2,0],"8":[3,0],"9":[2,0],"10":[0,0],"11":[0,0],"12":[0,0],"13":[0,0],"14":[0,0],"15":[0,0],"16":[0,0],"17":[0,0],"18":[0,0],"19":[0,0],"20":[0,0],"21":[0,0],"22":[0,0],"23":[0,0],"24":[0,0],"25":[0,0],"26":[0,0],"27":[0,0],"28":[0,0],"29":[0,0],"30":[0,0],"31":[0,0],"32":[0,0],"33":[0,0],"34":[0,0],"35":[0,0],"36":[0,0],"37":[0,0],"38":[0,0],"39":[0,0],"40":[0,0],"41":[0,0],"42":[0,0]},"f":{"1":1,"2":13,"3":7,"4":2,"5":3,"6":2,"7":0,"8":0,"9":0,"10":0,"11":0,"12":0,"13":0,"14":0,"15":0,"16":1,"17":0},"fnMap":{"1":{"name":"constructor","line":102,"loc":{"start":{"line":102,"column":4},"end":{"line":104,"column":4}}},"2":{"name":"initialize","line":114,"loc":{"start":{"line":111,"column":4},"end":{"line":128,"column":4}}},"3":{"name":"registerSecurityToken","line":140,"loc":{"start":{"line":137,"column":4},"end":{"line":144,"column":4}}},"4":{"name":"setFeeRecipient","line":150,"loc":{"start":{"line":150,"column":4},"end":{"line":155,"column":4}}},"5":{"name":"pause","line":160,"loc":{"start":{"line":160,"column":4},"end":{"line":162,"column":4}}},"6":{"name":"unpause","line":167,"loc":{"start":{"line":167,"column":4},"end":{"line":169,"column":4}}},"7":{"name":"createDistribution","line":184,"loc":{"start":{"line":180,"column":4},"end":{"line":250,"column":4}}},"8":{"name":"claimDividend","line":256,"loc":{"start":{"line":256,"column":4},"end":{"line":258,"column":4}}},"9":{"name":"batchClaimDividends","line":264,"loc":{"start":{"line":264,"column":4},"end":{"line":268,"column":4}}},"10":{"name":"_claimDividend","line":273,"loc":{"start":{"line":273,"column":4},"end":{"line":295,"column":4}}},"11":{"name":"reclaimExpiredDividends","line":301,"loc":{"start":{"line":301,"column":4},"end":{"line":322,"column":4}}},"12":{"name":"getClaimableAmount","line":332,"loc":{"start":{"line":332,"column":4},"end":{"line":354,"column":4}}},"13":{"name":"hasClaimed","line":362,"loc":{"start":{"line":362,"column":4},"end":{"line":367,"column":4}}},"14":{"name":"getDistribution","line":374,"loc":{"start":{"line":374,"column":4},"end":{"line":388,"column":4}}},"15":{"name":"getDistributionsByProject","line":395,"loc":{"start":{"line":395,"column":4},"end":{"line":399,"column":4}}},"16":{"name":"totalDistributions","line":405,"loc":{"start":{"line":405,"column":4},"end":{"line":407,"column":4}}},"17":{"name":"_authorizeUpgrade","line":416,"loc":{"start":{"line":414,"column":4},"end":{"line":416,"column":49}}}},"statementMap":{"1":{"start":{"line":103,"column":8},"end":{"line":103,"column":29}},"2":{"start":{"line":115,"column":8},"end":{"line":115,"column":71}},"3":{"start":{"line":116,"column":8},"end":{"line":116,"column":86}},"4":{"start":{"line":118,"column":8},"end":{"line":118,"column":31}},"5":{"start":{"line":119,"column":8},"end":{"line":119,"column":29}},"6":{"start":{"line":120,"column":8},"end":{"line":120,"column":31}},"7":{"start":{"line":121,"column":8},"end":{"line":121,"column":24}},"8":{"start":{"line":123,"column":8},"end":{"line":123,"column":45}},"9":{"start":{"line":124,"column":8},"end":{"line":124,"column":43}},"10":{"start":{"line":125,"column":8},"end":{"line":125,"column":40}},"11":{"start":{"line":141,"column":8},"end":{"line":141,"column":81}},"12":{"start":{"line":143,"column":8},"end":{"line":143,"column":64}},"13":{"start":{"line":151,"column":8},"end":{"line":151,"column":80}},"14":{"start":{"line":152,"column":8},"end":{"line":152,"column":43}},"15":{"start":{"line":154,"column":8},"end":{"line":154,"column":61}},"16":{"start":{"line":161,"column":8},"end":{"line":161,"column":15}},"17":{"start":{"line":168,"column":8},"end":{"line":168,"column":17}},"18":{"start":{"line":185,"column":8},"end":{"line":185,"column":63}},"19":{"start":{"line":187,"column":8},"end":{"line":187,"column":65}},"20":{"start":{"line":188,"column":8},"end":{"line":188,"column":90}},"21":{"start":{"line":190,"column":8},"end":{"line":190,"column":72}},"22":{"start":{"line":193,"column":8},"end":{"line":193,"column":68}},"23":{"start":{"line":194,"column":8},"end":{"line":194,"column":50}},"24":{"start":{"line":197,"column":8},"end":{"line":197,"column":6763}},"25":{"start":{"line":199,"column":12},"end":{"line":199,"column":85}},"26":{"start":{"line":202,"column":12},"end":{"line":202,"column":6956}},"27":{"start":{"line":203,"column":16},"end":{"line":203,"column":71}},"28":{"start":{"line":204,"column":16},"end":{"line":204,"column":78}},"29":{"start":{"line":208,"column":12},"end":{"line":208,"column":98}},"30":{"start":{"line":210,"column":12},"end":{"line":210,"column":78}},"31":{"start":{"line":213,"column":12},"end":{"line":213,"column":7420}},"32":{"start":{"line":214,"column":16},"end":{"line":214,"column":61}},"33":{"start":{"line":219,"column":8},"end":{"line":219,"column":53}},"34":{"start":{"line":220,"column":8},"end":{"line":220,"column":69}},"35":{"start":{"line":221,"column":8},"end":{"line":221,"column":71}},"36":{"start":{"line":239,"column":8},"end":{"line":239,"column":61}},"37":{"start":{"line":241,"column":8},"end":{"line":241,"column":8400}},"38":{"start":{"line":249,"column":8},"end":{"line":249,"column":29}},"39":{"start":{"line":257,"column":8},"end":{"line":257,"column":50}},"40":{"start":{"line":265,"column":8},"end":{"line":265,"column":9148}},"41":{"start":{"line":266,"column":12},"end":{"line":266,"column":58}},"42":{"start":{"line":274,"column":8},"end":{"line":274,"column":75}},"43":{"start":{"line":276,"column":8},"end":{"line":276,"column":77}},"44":{"start":{"line":277,"column":8},"end":{"line":277,"column":93}},"45":{"start":{"line":278,"column":8},"end":{"line":278,"column":91}},"46":{"start":{"line":280,"column":8},"end":{"line":280,"column":78}},"47":{"start":{"line":281,"column":8},"end":{"line":281,"column":76}},"48":{"start":{"line":287,"column":8},"end":{"line":287,"column":10082}},"49":{"start":{"line":288,"column":12},"end":{"line":288,"column":71}},"50":{"start":{"line":289,"column":12},"end":{"line":289,"column":71}},"51":{"start":{"line":291,"column":12},"end":{"line":291,"column":68}},"52":{"start":{"line":294,"column":8},"end":{"line":294,"column":71}},"53":{"start":{"line":302,"column":8},"end":{"line":302,"column":75}},"54":{"start":{"line":304,"column":8},"end":{"line":304,"column":77}},"55":{"start":{"line":305,"column":8},"end":{"line":305,"column":85}},"56":{"start":{"line":307,"column":8},"end":{"line":307,"column":71}},"57":{"start":{"line":308,"column":8},"end":{"line":308,"column":78}},"58":{"start":{"line":313,"column":8},"end":{"line":313,"column":11158}},"59":{"start":{"line":314,"column":12},"end":{"line":314,"column":76}},"60":{"start":{"line":315,"column":12},"end":{"line":315,"column":71}},"61":{"start":{"line":317,"column":12},"end":{"line":317,"column":73}},"62":{"start":{"line":320,"column":8},"end":{"line":320,"column":62}},"63":{"start":{"line":321,"column":8},"end":{"line":321,"column":86}},"64":{"start":{"line":336,"column":8},"end":{"line":336,"column":75}},"65":{"start":{"line":338,"column":8},"end":{"line":338,"column":12088}},"66":{"start":{"line":339,"column":12},"end":{"line":339,"column":20}},"67":{"start":{"line":342,"column":8},"end":{"line":342,"column":12193}},"68":{"start":{"line":343,"column":12},"end":{"line":343,"column":20}},"69":{"start":{"line":346,"column":8},"end":{"line":346,"column":77}},"70":{"start":{"line":347,"column":8},"end":{"line":347,"column":83}},"71":{"start":{"line":349,"column":8},"end":{"line":349,"column":12447}},"72":{"start":{"line":350,"column":12},"end":{"line":350,"column":20}},"73":{"start":{"line":353,"column":8},"end":{"line":353,"column":78}},"74":{"start":{"line":366,"column":8},"end":{"line":366,"column":49}},"75":{"start":{"line":377,"column":8},"end":{"line":377,"column":75}},"76":{"start":{"line":378,"column":8},"end":{"line":378,"column":13364}},"77":{"start":{"line":398,"column":8},"end":{"line":398,"column":48}},"78":{"start":{"line":406,"column":8},"end":{"line":406,"column":35}}},"branchMap":{"1":{"line":114,"type":"if","locations":[{"start":{"line":114,"column":15},"end":{"line":114,"column":15}},{"start":{"line":114,"column":15},"end":{"line":114,"column":15}}]},"2":{"line":115,"type":"if","locations":[{"start":{"line":115,"column":8},"end":{"line":115,"column":8}},{"start":{"line":115,"column":8},"end":{"line":115,"column":8}}]},"3":{"line":116,"type":"if","locations":[{"start":{"line":116,"column":8},"end":{"line
[...]
line":109,"column":68},"end":{"line":109,"column":68}}]},"15":{"line":110,"type":"if","locations":[{"start":{"line":110,"column":8},"end":{"line":110,"column":8}},{"start":{"line":110,"column":8},"end":{"line":110,"column":8}}]},"16":{"line":113,"type":"if","locations":[{"start":{"line":113,"column":8},"end":{"line":113,"column":8}},{"start":{"line":113,"column":8},"end":{"line":113,"column":8}}]},"17":{"line":121,"type":"if","locations":[{"start":{"line":121,"column":24},"end":{"line":121,"column":24}},{"start":{"line":121,"column":24},"end":{"line":121,"column":24}}]},"18":{"line":122,"type":"if","locations":[{"start":{"line":122,"column":8},"end":{"line":122,"column":8}},{"start":{"line":122,"column":8},"end":{"line":122,"column":8}}]},"19":{"line":123,"type":"if","locations":[{"start":{"line":123,"column":8},"end":{"line":123,"column":8}},{"start":{"line":123,"column":8},"end":{"line":123,"column":8}}]},"20":{"line":126,"type":"if","locations":[{"start":{"line":126,"column":8},"end":{"line":126,"column":8}},{"start":{"line":126,"column":8},"end":{"line":126,"column":8}}]},"21":{"line":136,"type":"if","locations":[{"start":{"line":136,"column":24},"end":{"line":136,"column":24}},{"start":{"line":136,"column":24},"end":{"line":136,"column":24}}]},"22":{"line":137,"type":"if","locations":[{"start":{"line":137,"column":8},"end":{"line":137,"column":8}},{"start":{"line":137,"column":8},"end":{"line":137,"column":8}}]},"23":{"line":138,"type":"if","locations":[{"start":{"line":138,"column":8},"end":{"line":138,"column":8}},{"start":{"line":138,"column":8},"end":{"line":138,"column":8}}]},"24":{"line":149,"type":"if","locations":[{"start":{"line":149,"column":8},"end":{"line":149,"column":8}},{"start":{"line":149,"column":8},"end":{"line":149,"column":8}}]},"25":{"line":154,"type":"if","locations":[{"start":{"line":154,"column":8},"end":{"line":154,"column":8}},{"start":{"line":154,"column":8},"end":{"line":154,"column":8}}]},"26":{"line":160,"type":"if","locations":[{"start":{"line":160,"column":8},"end":{"line":160,"column":8}},{"start":{"line":160,"column":8},"end":{"line":160,"column":8}}]},"27":{"line":165,"type":"if","locations":[{"start":{"line":165,"column":12},"end":{"line":165,"column":12}},{"start":{"line":165,"column":12},"end":{"line":165,"column":12}}]},"28":{"line":179,"type":"if","locations":[{"start":{"line":179,"column":8},"end":{"line":179,"column":8}},{"start":{"line":179,"column":8},"end":{"line":179,"column":8}}]},"29":{"line":185,"type":"if","locations":[{"start":{"line":185,"column":8},"end":{"line":185,"column":8}},{"start":{"line":185,"column":8},"end":{"line":185,"column":8}}]},"30":{"line":200,"type":"if","locations":[{"start":{"line":200,"column":16},"end":{"line":200,"column":16}},{"start":{"line":200,"column":16},"end":{"line":200,"column":16}}]},"31":{"line":201,"type":"if","locations":[{"start":{"line":201,"column":20},"end":{"line":201,"column":20}},{"start":{"line":201,"column":20},"end":{"line":201,"column":20}}]},"32":{"line":239,"type":"if","locations":[{"start":{"line":239,"column":24},"end":{"line":239,"column":24}},{"start":{"line":239,"column":24},"end":{"line":239,"column":24}}]}}},"contracts\\registry\\IdentityRegistryStorage.sol":{"l":{"32":116,"33":116,"38":1,"42":85,"43":85,"44":85,"55":115,"56":115,"57":115,"59":115,"60":115,"62":115,"69":1,"71":1,"72":1,"73":1,"75":1,"85":0,"87":0,"89":0,"99":0,"100":0,"102":0,"103":0,"105":0,"112":70,"113":70,"114":70,"119":70,"120":70,"122":70,"129":0,"131":0,"132":0,"133":0,"134":0,"135":0,"136":0,"140":0,"142":0,"149":0,"156":211,"163":3,"170":0},"path":"D:\\Frontend\\RWA Launchpad\\rwa-launchpad-evm\\contracts\\registry\\IdentityRegistryStorage.sol","s":{"1":116,"2":1,"3":85,"4":85,"5":85,"6":115,"7":115,"8":115,"9":115,"10":1,"11":1,"12":1,"13":0,"14":0,"15":0,"16":0,"17":0,"18":0,"19":70,"20":70,"21":70,"22":70,"23":70,"24":0,"25":0,"26":0,"27":0,"28":0,"29":0,"30":0,"31":211,"32":3,"33":0},"b":{"1":[116,0],"2":[85,0],"3":[115,0],"4":[115,0],"5":[115,0],"6":[115,0],"7":[1,0],"8":[1,0],"9":[0,0],"10":[0,0],"11":[0,0],"12":[0,0],"13":[0,0],"14":[70,0],"15":[70,0],"16":[70,0],"17":[70,0],"18":[0,0],"19":[0,0],"20":[0,0],"21":[0,0]},"f":{"1":116,"2":1,"3":85,"4":115,"5":1,"6":0,"7":0,"8":70,"9":0,"10":0,"11":211,"12":3,"13":0,"14":0},"fnMap":{"1":{"name":"onlyLinkedRegistry","line":31,"loc":{"start":{"line":31,"column":4},"end":{"line":34,"column":4}}},"2":{"name":"constructor","line":37,"loc":{"start":{"line":37,"column":4},"end":{"line":39,"column":4}}},"3":{"name":"initialize","line":41,"loc":{"start":{"line":41,"column":4},"end":{"line":45,"column":4}}},"4":{"name":"addIdentityToStorage","line":54,"loc":{"start":{"line":50,"column":4},"end":{"line":63,"column":4}}},"5":{"name":"removeIdentityFromStorage","line":68,"loc":{"start":{"line":68,"column":4},"end":{"line":76,"column":4}}},"6":{"name":"modifyStoredInvestorCountry","line":84,"loc":{"start":{"line":81,"column":4},"end":{"line":90,"column":4}}},"7":{"name":"modifyStoredIdentity","line":98,"loc":{"start":{"line":95,"column":4},"end":{"line":106,"column":4}}},"8":{"name":"bindIdentityRegistry","line":111,"loc":{"start":{"line":111,"column":4},"end":{"line":123,"column":4}}},"9":{"name":"unbindIdentityRegistry","line":128,"loc":{"start":{"line":128,"column":4},"end":{"line":143,"column":4}}},"10":{"name":"linkedIdentityRegistries","line":148,"loc":{"start":{"line":148,"column":4},"end":{"line":150,"column":4}}},"11":{"name":"storedIdentity","line":155,"loc":{"start":{"line":155,"column":4},"end":{"line":157,"column":4}}},"12":{"name":"storedInvestorCountry","line":162,"loc":{"start":{"line":162,"column":4},"end":{"line":164,"column":4}}},"13":{"name":"isLinkedRegistry","line":169,"loc":{"start":{"line":169,"column":4},"end":{"line":171,"column":4}}},"14":{"name":"_authorizeUpgrade","line":173,"loc":{"start":{"line":173,"column":4},"end":{"line":173,"column":69}}}},"statementMap":{"1":{"start":{"line":32,"column":8},"end":{"line":32,"column":91}},"2":{"start":{"line":38,"column":8},"end":{"line":38,"column":29}},"3":{"start":{"line":42,"column":8},"end":{"line":42,"column":23}},"4":{"start":{"line":43,"column":8},"end":{"line":43,"column":31}},"5":{"start":{"line":44,"column":8},"end":{"line":44,"column":33}},"6":{"start":{"line":55,"column":8},"end":{"line":55,"column":91}},"7":{"start":{"line":56,"column":8},"end":{"line":56,"column":93}},"8":{"start":{"line":57,"column":8},"end":{"line":57,"column":116}},"9":{"start":{"line":62,"column":8},"end":{"line":62,"column":52}},"10":{"start":{"line":69,"column":8},"end":{"line":69,"column":111}},"11":{"start":{"line":71,"column":8},"end":{"line":71,"column":54}},"12":{"start":{"line":75,"column":8},"end":{"line":75,"column":53}},"13":{"start":{"line":85,"column":8},"end":{"line":85,"column":111}},"14":{"start":{"line":89,"column":8},"end":{"line":89,"column":52}},"15":{"start":{"line":99,"column":8},"end":{"line":99,"column":111}},"16":{"start":{"line":100,"column":8},"end":{"line":100,"column":93}},"17":{"start":{"line":102,"column":8},"end":{"line":102,"column":57}},"18":{"start":{"line":105,"column":8},"end":{"line":105,"column":53}},"19":{"start":{"line":112,"column":8},"end":{"line":112,"column":92}},"20":{"start":{"line":113,"column":8},"end":{"line":113,"column":95}},"21":{"start":{"line":114,"column":8},"end":{"line":114,"column":4034}},"22":{"start":{"line":119,"column":8},"end":{"line":119,"column":50}},"23":{"start":{"line":122,"column":8},"end":{"line":122,"column":53}},"24":{"start":{"line":129,"column":8},"end":{"line":129,"column":90}},"25":{"start":{"line":131,"column":8},"end":{"line":131,"column":51}},"26":{"start":{"line":132,"column":8},"end":{"line":132,"column":4685}},"27":{"start":{"line":133,"column":12},"end":{"line":133,"column":4741}},"28":{"start":{"line":135,"column":16},"end":{"line":135,"column":40}},"29":{"start":{"line":142,"column":8},"end":{"line":142,"column":55}},"30":{"start":{"line":149,"column":8},"end":{"line":149,"column":34}},"31":{"start":{"line":156,"column":8},"end":{"line":156,"column":40}},"32":{"start":{"line":163,"column":8},"end":{"line":163,"column":39}},"33":{"start":{"line":170,"column":8},"end":{"line":170,"column":43}}},"branchMap":{"1":{"line":32,"type":"if","locations":[{"start":{"line":32,"column":8},"end":{"line":32,"column":8}},{"start":{"line":32,"column":8},"end":{"line":32,"column":8}}]},"2":{"line":41,"type":"if","locations":[{"start":{"line":41,"column":49},"end":{"line":41,"column":49}},{"start":{"line":41,"column":49},"end":{"line":41,"column":49}}]},"3":{"line":54,"type":"if","locations":[{"start":{"line":54,"column":24},"end":{"line":54,"column":24}},{"start":{"line":54,"column":24},"end":{"line":54,"column":24}}]},"4":{"line":55,"type":"if","locations":[{"start":{"line":55,"column":8},"end":{"line":55,"column":8}},{"start":{"line":55,"column":8},"end":{"line":55,"column":8}}]},"5":{"line":56,"type":"if","locations":[{"start":{"line":56,"column":8},"end":{"line":56,"column":8}},{"start":{"line":56,"column":8},"end":{"line":56,"column":8}}]},"6":{"line":57,"type":"if","locations":[{"start":{"line":57,"column":8},"end":{"line":57,"column":8}},{"start":{"line":57,"column":8},"end":{"line":57,"column":8}}]},"7":{"line":68,"type":"if","locations":[{"start":{"line":68,"column":79},"end":{"line":68,"column":79}},{"start":{"line":68,"column":79},"end":{"line":68,"column":79}}]},"8":{"line":69,"type":"if","locations":[{"start":{"line":69,"column":8},"end":{"line":69,"column":8}},{"start":{"line":69,"column":8},"end":{"line":69,"column":8}}]},"9":{"line":84,"type":"if","locations":[{"start":{"line":84,"column":24},"end":{"line":84,"column":24}},{"start":{"line":84,"column":24},"end":{"line":84,"column":24}}]},"10":{"line":85,"type":"if","locations":[{"start":{"line":85,"column":8},"end":{"line":85,"column":8}},{"start":{"line":85,"column":8},"end":{"line":85,"column":8}}]},"11":{"line":98,"type":"if","locations":[{"start":{"line":98,"column":24},"end":{"line":98,"column":24}},{"start":{"line":98,"column":24},"end":{"line":98,"column":24}}]},"12":{"line":99,"type":"if","locations":[{"start":{"line":99,"column":8},"end":{"line":99,"column":8}},{"start":{"line":99,"column":8},"end":{"line":99,"column":8}}]},"13":{"line":100,"type":"if","locations":[{"start":{"line":100,"column":8},"end":{"line":100,"column":8}},{"start":{"line":100,"column":8},"end":{"line":100,"column":8}}]},"14":{"line":111,"type":"if","locations":[{"start":{"line":111,"column":79},"end":{"line":111,"column":79}},{"start":{"line":111,"column":79},"end":{"line":111,"column":79}}]},"15":{"line":112,"type":"if","locations":[{"start":{"line":112,"column":8},"end":{"line":112,"column":8}},{"start":{"line":112,"column":8},"end":{"line":112,"column":8}}]},"16":{"line":113,"type":"if","locations":[{"start":{"line":113,"column":8},"end":{"line":113,"column":8}},{"start":{"line":113,"column":8},"end":{"line":113,"column":8}}]},"17":{"line":114,"type":"if","locations":[{"start":{"line":114,"column":8},"end":{"line":114,"column":8}},{"start":{"line":114,"column":8},"end":{"line":114,"column":8}}]},"18":{"line":128,"type":"if","locations":[{"start":{"line":128,"column":81},"end":{"line":128,"column":81}},{"start":{"line":128,"column":81},"end":{"line":128,"column":81}}]},"19":{"line":129,"type":"if","locations":[{"start":{"line":129,"column":8},"end":{"line":129,"column":8}},{"start":{"line":129,"column":8},"end":{"line":129,"column":8}}]},"20":{"line":133,"type":"if","locations":[{"start":{"line":133,"column":12},"end":{"line":133,"column":12}},{"start":{"line":133,"column":12},"end":{"line":133,"column":12}}]},"21":{"line":173,"type":"if","locations":[{"start":{"line":173,"column":58},"end":{"line":173,"column":58}},{"start":{"line":173,"column":58},"end":{"line":173,"column":58}}]}}},"contracts\\registry\\TrustedIssuersRegistry.sol":{"l":{"28":1,"32":85,"33":85,"34":85,"44":63,"45":63,"46":63,"47":63,"48":63,"50":63,"51":63,"53":63,"54":80,"55":80,"58":63,"65":0,"67":0,"68":0,"69":0,"70":0,"71":0,"72":0,"77":0,"78":0,"79":0,"81":0,"83":0,"85":0,"95":0,"96":0,"97":0,"100":0,"101":0,"102":0,"104":0,"107":0,"108":0,"109":0,"112":0,"119":0,"128":114,"131":114,"132":114,"133":114,"138":114,"139":114,"141":114,"142":114,"143":114,"147":114,"154":0,"163":0,"170":0},"path":"D:\\Frontend\\RWA Launchpad\\rwa-launchpad-evm\\contracts\\registry\\TrustedIssuersRegistry.sol","s":{"1":1,"2":85,"3":85,"4":85,"5":63,"6":63,"7":63,"8":63,"9":63,"10":63,"11":63,"12":80,"13":63,"14":0,"15":0,"16":0,"17":0,"18":0,"19":0,"20":0,"21":0,"22":0,"23":0,"24":0,"25":0,"26":0,"27":0,"28":0,"29":0,"30":0,"31":114,"32":114,"33":114,"34":114,"35":114,"36":114,"37":114,"38":114,"39":0,"40":0,"41":0},"b":{"1":[85,0],"2":[63,0],"3":[63,0],"4":[63,0],"5":[63,0],"6":[63,0],"7":[63,0],"8":[0,0],"9":[0,0],"10":[0,0],"11":[0,0],"12":[0,0],"13":[0,0],"14":[0,0],"15":[114,0],"16":[114,0],"17":[0,0]},"f":{"1":1,"2":85,"3":63,"4":0,"5":0,"6":0,"7":114,"8":0,"9":0,"10":0,"11":0},"fnMap":{"1":{"name":"constructor","line":27,"loc":{"start":{"line":27,"column":4},"end":{"line":29,"column":4}}},"2":{"name":"initialize","line":31,"loc":{"start":{"line":31,"column":4},"end":{"line":35,"column":4}}},"3":{"name":"addTrustedIssuer","line":43,"loc":{"start":{"line":40,"column":4},"end":{"line":59,"column":4}}},"4":{"name":"removeTrustedIssuer","line":64,"loc":{"start":{"line":64,"column":4},"end":{"line":86,"column":4}}},"5":{"name":"updateIssuerClaimTopics","line":94,"loc":{"start":{"line":91,"column":4},"end":{"line":113,"column":4}}},"6":{"name":"getTrustedIssuers","line":118,"loc":{"start":{"line":118,"column":4},"end":{"line":120,"column":4}}},"7":{"name":"getTrustedIssuersForClaimTopic","line":125,"loc":{"start":{"line":125,"column":4},"end":{"line":148,"column":4}}},"8":{"name":"isTrustedIssuer","line":153,"loc":{"start":{"line":153,"column":4},"end":{"line":155,"column":4}}},"9":{"name":"getTrustedIssuerClaimTopics","line":160,"loc":{"start":{"line":160,"column":4},"end":{"line":164,"column":4}}},"10":{"name":"hasClaimTopic","line":169,"loc":{"start":{"line":169,"column":4},"end":{"line":171,"column":4}}},"11":{"name":"_authorizeUpgrade","line":173,"loc":{"start":{"line":173,"column":4},"end":{"line":173,"column":69}}}},"statementMap":{"1":{"start":{"line":28,"column":8},"end":{"line":28,"column":29}},"2":{"start":{"line":32,"column":8},"end":{"line":32,"column":23}},"3":{"start":{"line":33,"column":8},"end":{"line":33,"column":31}},"4":{"start":{"line":34,"column":8},"end":{"line":34,"column":33}},"5":{"start":{"line":44,"column":8},"end":{"line":44,"column":95}},"6":{"start":{"line":45,"column":8},"end":{"line":45,"column":107}},"7":{"start":{"line":46,"column":8},"end":{"line":46,"column":82}},"8":{"start":{"line":47,"column":8},"end":{"line":47,"column":108}},"9":{"start":{"line":48,"column":8},"end":{"line":48,"column":117}},"10":{"start":{"line":50,"column":8},"end":{"line":50,"column":43}},"11":{"start":{"line":53,"column":8},"end":{"line":53,"column":2060}},"12":{"start":{"line":54,"column":12},"end":{"line":54,"column":76}},"13":{"start":{"line":58,"column":8},"end":{"line":58,"column":61}},"14":{"start":{"line":65,"column":8},"end":{"line":65,"column":101}},"15":{"start":{"line":67,"column":8},"end":{"line":67,"column":47}},"16":{"start":{"line":68,"column":8},"end":{"line":68,"column":2676}},"17":{"start":{"line":69,"column":12},"end":{"line":69,"column":2732}},"18":{"start":{"line":71,"column":16},"end":{"line":71,"column":36}},"19":{"start":{"line":77,"column":8},"end":{"line":77,"column":77}},"20":{"start":{"line":78,"column":8},"end":{"line":78,"column":3051}},"21":{"start":{"line":85,"column":8},"end":{"line":85,"column":49}},"22":{"start":{"line":95,"column":8},"end":{"line":95,"column":101}},"23":{"start":{"line":96,"column":8},"end":{"line":96,"column":82}},"24":{"start":{"line":97,"column":8},"end":{"line":97,"column":108}},"25":{"start":{"line":100,"column":8},"end":{"line":100,"column":80}},"26":{"start":{"line":101,"column":8},"end":{"line":101,"column":4021}},"27":{"start":{"line":107,"column":8},"end":{"line":107,"column":4262}},"28":{"start":{"line":108,"column":12},"end":{"line":108,"column":76}},"29":{"start":{"line":112,"column":8},"end":{"line":112,"column":61}},"30":{"start":{"line":119,"column":8},"end":{"line":119,"column":30}},"31":{"start":{"line":128,"column":8},"end":{"line":128,"column":21}},"32":{"start":{"line":131,"column":8},"end":{"line":131,"column":5038}},"33":{"start":{"line":132,"column":12},"end":{"line":132,"column":5110}},"34":{"start":{"line":138,"column":8},"end":{"line":138,"column":64}},"35":{"start":{"line":139,"column":8},"end":{"line":139,"column":21}},"36":{"start":{"line":141,"column":8},"end":{"line":141,"column":5371}},"37":{"start":{"line":142,"column":12},"end":{"line":142,"column":5443}},"38":{"start":{"line":147,"column":8},"end":{"line":147,"column":21}},"39":{"start":{"line":154,"column":8},"end":{"line":154,"column":40}},"40":{"start":{"line":163,"column":8},"end":{"line":163,"column":58}},"41":{"start":{"line":170,"column":8},"end":{"line":170,"column":57}}},"branchMap":{"1":{"line":31,"type":"if","locations":[{"start":{"line":31,"column":49},"end":{"line":31,"column":49}},{"start":{"line":31,"column":49},"end":{"line":31,"column":49}}]},"2":{"line":43,"type":"if","locations":[{"start":{"line":43,"column":24},"end":{"line":43,"column":24}},{"start":{"line":43,"column":24},"end":{"line":43,"column":24}}]},"3":{"line":44,"type":"if","locations":[{"start":{"line":44,"column":8},"end":{"line":44,"column":8}},{"start":{"line":44,"column":8},"end":{"line":44,"column":8}}]},"4":{"line":45,"type":"if","locations":[{"start":{"line":45,"column":8},"end":{"line":45,"column":8}},{"start":{"line":45,"column":8},"end":{"line":45,"column":8}}]},"5":{"line":46,"type":"if","locations":[{"start":{"line":46,"column":8},"end":{"line":46,"column":8}},{"start":{"line":46,"column":8},"end":{"line":46,"column":8}}]},"6":{"line":47,"type":"if","locations":[{"start":{"line":47,"column":8},"end":{"line":47,"column":8}},{"start":{"line":47,"column":8},"end":{"line":47,"column":8}}]},"7":{"line":48,"type":"if","locations":[{"start":{"line":48,"column":8},"end":{"line":48,"column":8}},{"start":{"line":48,"column":8},"end":{"line":48,"column":8}}]},"8":{"line":64,"type":"if","locations":[{"start":{"line":64,"column":80},"end":{"line":64,"column":80}},{"start":{"line":64,"column":80},"end":{"line":64,"column":80}}]},"9":{"line":65,"type":"if","locations":[{"start":{"line":65,"column":8},"end":{"line":65,"column":8}},{"start":{"line":65,"column":8},"end":{"line":65,"column":8}}]},"10":{"line":69,"type":"if","locations":[{"start":{"line":69,"column":12},"end":{"line":69,"column":12}},{"start":{"line":69,"column":12},"end":{"line":69,"column":12}}]},"11":{"line":94,"type":"if","locations":[{"start":{"line":94,"column":24},"end":{"line":94,"column":24}},{"start":{"line":94,"column":24},"end":{"line":94,"column":24}}]},"12":{"line":95,"type":"if","locations":[{"start":{"line":95,"column":8},"end":{"line":95,"column":8}},{"start":{"line":95,"column":8},"end":{"line":95,"column":8}}]},"13":{"line":96,"type":"if","locations":[{"start":{"line":96,"column":8},"end":{"line":96,"column":8}},{"start":{"line":96,"column":8},"end":{"line":96,"column":8}}]},"14":{"line":97,"type":"if","locations":[{"start":{"line":97,"column":8},"end":{"line":97,"column":8}},{"start":{"line":97,"column":8},"end":{"line":97,"column":8}}]},"15":{"line":132,"type":"if","locations":[{"start":{"line":132,"column":12},"end":{"line":132,"column":12}},{"start":{"line":132,"column":12},"end":{"line":132,"column":12}}]},"16":{"line":142,"type":"if","locations":[{"start":{"line":142,"column":12},"end":{"line":142,"column":12}},{"start":{"line":142,"column":12},"end":{"line":142,"column":12}}]},"17":{"line":173,"type":"if","locations":[{"start":{"line":173,"column":58},"end":{"line":173,"column":58}},{"start":{"line":173,"column":58},"end":{"line":173,"column":58}}]}}}}